{"contracts\\BridgeContractAbstract.sol":{"l":{"16":4,"17":3,"18":3,"22":1,"26":6,"30":6,"31":5,"32":1,"34":4,"35":3,"39":4,"40":1,"42":3,"43":2,"51":17,"52":3,"53":3,"58":4,"59":1,"64":3,"65":1,"70":6,"71":1,"76":4,"77":1,"78":1},"path":"E:\\Repos\\Universidad_ORT\\Programacion_de_Contratos_Inteligentes\\Obligatorio\\obligatorio-colli-gallicchio\\contracts\\BridgeContractAbstract.sol","s":{"1":4,"2":1,"3":6,"4":6,"5":5,"6":1,"7":4,"8":4,"9":1,"10":3,"11":17,"12":3,"13":3,"14":4,"15":1,"16":3,"17":1,"18":6,"19":1,"20":4,"21":1,"22":1},"b":{"1":[1,4],"2":[1,3],"3":[3,14],"4":[1,3],"5":[1,2],"6":[1,5],"7":[1,3]},"f":{"1":4,"2":1,"3":6,"4":6,"5":4,"6":17,"7":4,"8":3,"9":6,"10":4},"fnMap":{"1":{"name":"constructor","line":14,"loc":{"start":{"line":14,"column":4},"end":{"line":19,"column":4}}},"2":{"name":"owner","line":21,"loc":{"start":{"line":21,"column":4},"end":{"line":23,"column":4}}},"3":{"name":"erc20Contract","line":25,"loc":{"start":{"line":25,"column":4},"end":{"line":27,"column":4}}},"4":{"name":"addAddressToBlackList","line":29,"loc":{"start":{"line":29,"column":4},"end":{"line":36,"column":4}}},"5":{"name":"removeAddressFromBlackList","line":38,"loc":{"start":{"line":38,"column":4},"end":{"line":44,"column":4}}},"6":{"name":"_isZeroAddress","line":50,"loc":{"start":{"line":50,"column":4},"end":{"line":55,"column":4}}},"7":{"name":"_isBlacklistAddress","line":57,"loc":{"start":{"line":57,"column":4},"end":{"line":61,"column":4}}},"8":{"name":"_isNotBlacklistAddress","line":63,"loc":{"start":{"line":63,"column":4},"end":{"line":67,"column":4}}},"9":{"name":"_isOwnerProtocol","line":69,"loc":{"start":{"line":69,"column":4},"end":{"line":73,"column":4}}},"10":{"name":"_isZeroValue","line":75,"loc":{"start":{"line":75,"column":4},"end":{"line":80,"column":4}}}},"statementMap":{"1":{"start":{"line":16,"column":8},"end":{"line":16,"column":55}},"2":{"start":{"line":22,"column":8},"end":{"line":22,"column":21}},"3":{"start":{"line":26,"column":8},"end":{"line":26,"column":29}},"4":{"start":{"line":30,"column":8},"end":{"line":30,"column":57}},"5":{"start":{"line":31,"column":8},"end":{"line":31,"column":830}},"6":{"start":{"line":32,"column":12},"end":{"line":32,"column":52}},"7":{"start":{"line":34,"column":8},"end":{"line":34,"column":43}},"8":{"start":{"line":39,"column":8},"end":{"line":39,"column":1129}},"9":{"start":{"line":40,"column":12},"end":{"line":40,"column":52}},"10":{"start":{"line":42,"column":8},"end":{"line":42,"column":46}},"11":{"start":{"line":51,"column":8},"end":{"line":51,"column":1780}},"12":{"start":{"line":52,"column":12},"end":{"line":52,"column":94}},"13":{"start":{"line":53,"column":12},"end":{"line":53,"column":27}},"14":{"start":{"line":58,"column":8},"end":{"line":58,"column":2043}},"15":{"start":{"line":59,"column":12},"end":{"line":59,"column":48}},"16":{"start":{"line":64,"column":8},"end":{"line":64,"column":2238}},"17":{"start":{"line":65,"column":12},"end":{"line":65,"column":38}},"18":{"start":{"line":70,"column":8},"end":{"line":70,"column":2426}},"19":{"start":{"line":71,"column":12},"end":{"line":71,"column":35}},"20":{"start":{"line":76,"column":8},"end":{"line":76,"column":2617}},"21":{"start":{"line":77,"column":12},"end":{"line":77,"column":97}},"22":{"start":{"line":78,"column":12},"end":{"line":78,"column":27}}},"branchMap":{"1":{"line":31,"type":"if","locations":[{"start":{"line":31,"column":8},"end":{"line":31,"column":8}},{"start":{"line":31,"column":8},"end":{"line":31,"column":8}}]},"2":{"line":39,"type":"if","locations":[{"start":{"line":39,"column":8},"end":{"line":39,"column":8}},{"start":{"line":39,"column":8},"end":{"line":39,"column":8}}]},"3":{"line":51,"type":"if","locations":[{"start":{"line":51,"column":8},"end":{"line":51,"column":8}},{"start":{"line":51,"column":8},"end":{"line":51,"column":8}}]},"4":{"line":58,"type":"if","locations":[{"start":{"line":58,"column":8},"end":{"line":58,"column":8}},{"start":{"line":58,"column":8},"end":{"line":58,"column":8}}]},"5":{"line":64,"type":"if","locations":[{"start":{"line":64,"column":8},"end":{"line":64,"column":8}},{"start":{"line":64,"column":8},"end":{"line":64,"column":8}}]},"6":{"line":70,"type":"if","locations":[{"start":{"line":70,"column":8},"end":{"line":70,"column":8}},{"start":{"line":70,"column":8},"end":{"line":70,"column":8}}]},"7":{"line":76,"type":"if","locations":[{"start":{"line":76,"column":8},"end":{"line":76,"column":8}},{"start":{"line":76,"column":8},"end":{"line":76,"column":8}}]}}},"contracts\\EthereumBridgeContract.sol":{"l":{"23":3,"28":2,"33":1,"37":6,"38":1,"41":5,"42":1,"45":4,"46":1,"49":3,"50":3,"51":1,"54":2,"55":2,"56":2,"57":2,"62":7,"63":6,"65":5,"66":1,"68":4,"69":3,"70":1,"73":2,"74":1,"77":1,"78":1,"79":1,"87":3,"91":2,"95":1},"path":"E:\\Repos\\Universidad_ORT\\Programacion_de_Contratos_Inteligentes\\Obligatorio\\obligatorio-colli-gallicchio\\contracts\\EthereumBridgeContract.sol","s":{"1":2,"2":1,"3":6,"4":1,"5":5,"6":1,"7":4,"8":1,"9":3,"10":3,"11":1,"12":2,"13":2,"14":7,"15":6,"16":5,"17":1,"18":4,"19":3,"20":1,"21":2,"22":1,"23":1,"24":3,"25":2,"26":1},"b":{"1":[1,5],"2":[1,4],"3":[1,3],"4":[1,2],"5":[1,4],"6":[1,2],"7":[1,1]},"f":{"1":3,"2":2,"3":1,"4":6,"5":7,"6":3,"7":2,"8":1},"fnMap":{"1":{"name":"constructor","line":22,"loc":{"start":{"line":22,"column":4},"end":{"line":24,"column":4}}},"2":{"name":"totalSupply","line":26,"loc":{"start":{"line":26,"column":4},"end":{"line":29,"column":4}}},"3":{"name":"maxSupply","line":31,"loc":{"start":{"line":31,"column":4},"end":{"line":34,"column":4}}},"4":{"name":"transferToPolygon","line":36,"loc":{"start":{"line":36,"column":4},"end":{"line":59,"column":4}}},"5":{"name":"unStake","line":61,"loc":{"start":{"line":61,"column":4},"end":{"line":80,"column":4}}},"6":{"name":"balanceOfTokenContract","line":86,"loc":{"start":{"line":86,"column":4},"end":{"line":88,"column":4}}},"7":{"name":"transferFromTokenContract","line":90,"loc":{"start":{"line":90,"column":5},"end":{"line":92,"column":4}}},"8":{"name":"transferTokenContract","line":94,"loc":{"start":{"line":94,"column":4},"end":{"line":96,"column":4}}}},"statementMap":{"1":{"start":{"line":28,"column":8},"end":{"line":28,"column":32}},"2":{"start":{"line":33,"column":8},"end":{"line":33,"column":30}},"3":{"start":{"line":37,"column":8},"end":{"line":37,"column":1114}},"4":{"start":{"line":38,"column":12},"end":{"line":38,"column":59}},"5":{"start":{"line":41,"column":8},"end":{"line":41,"column":1232}},"6":{"start":{"line":42,"column":12},"end":{"line":42,"column":52}},"7":{"start":{"line":45,"column":8},"end":{"line":45,"column":1348}},"8":{"start":{"line":46,"column":12},"end":{"line":46,"column":35}},"9":{"start":{"line":49,"column":8},"end":{"line":49,"column":86}},"10":{"start":{"line":50,"column":8},"end":{"line":50,"column":1536}},"11":{"start":{"line":51,"column":12},"end":{"line":51,"column":41}},"12":{"start":{"line":56,"column":8},"end":{"line":56,"column":56}},"13":{"start":{"line":57,"column":8},"end":{"line":57,"column":90}},"14":{"start":{"line":62,"column":8},"end":{"line":62,"column":45}},"15":{"start":{"line":63,"column":8},"end":{"line":63,"column":35}},"16":{"start":{"line":65,"column":8},"end":{"line":65,"column":2088}},"17":{"start":{"line":66,"column":12},"end":{"line":66,"column":51}},"18":{"start":{"line":68,"column":8},"end":{"line":68,"column":49}},"19":{"start":{"line":69,"column":8},"end":{"line":69,"column":2255}},"20":{"start":{"line":70,"column":12},"end":{"line":70,"column":48}},"21":{"start":{"line":73,"column":8},"end":{"line":73,"column":2368}},"22":{"start":{"line":74,"column":12},"end":{"line":74,"column":54}},"23":{"start":{"line":79,"column":8},"end":{"line":79,"column":73}},"24":{"start":{"line":87,"column":12},"end":{"line":87,"column":67}},"25":{"start":{"line":91,"column":12},"end":{"line":91,"column":74}},"26":{"start":{"line":95,"column":12},"end":{"line":95,"column":63}}},"branchMap":{"1":{"line":37,"type":"if","locations":[{"start":{"line":37,"column":8},"end":{"line":37,"column":8}},{"start":{"line":37,"column":8},"end":{"line":37,"column":8}}]},"2":{"line":41,"type":"if","locations":[{"start":{"line":41,"column":8},"end":{"line":41,"column":8}},{"start":{"line":41,"column":8},"end":{"line":41,"column":8}}]},"3":{"line":45,"type":"if","locations":[{"start":{"line":45,"column":8},"end":{"line":45,"column":8}},{"start":{"line":45,"column":8},"end":{"line":45,"column":8}}]},"4":{"line":50,"type":"if","locations":[{"start":{"line":50,"column":8},"end":{"line":50,"column":8}},{"start":{"line":50,"column":8},"end":{"line":50,"column":8}}]},"5":{"line":65,"type":"if","locations":[{"start":{"line":65,"column":8},"end":{"line":65,"column":8}},{"start":{"line":65,"column":8},"end":{"line":65,"column":8}}]},"6":{"line":69,"type":"if","locations":[{"start":{"line":69,"column":8},"end":{"line":69,"column":8}},{"start":{"line":69,"column":8},"end":{"line":69,"column":8}}]},"7":{"line":73,"type":"if","locations":[{"start":{"line":73,"column":8},"end":{"line":73,"column":8}},{"start":{"line":73,"column":8},"end":{"line":73,"column":8}}]}}},"contracts\\ExchangeContract.sol":{"l":{"29":8,"30":7,"31":1,"33":6,"34":1,"36":5,"37":1,"39":4,"40":1,"42":3,"44":3,"46":0,"49":3,"50":3,"51":0,"54":3,"57":3,"58":3,"59":3,"60":3,"61":3,"62":3,"67":1,"68":1,"69":1,"72":1,"78":2,"80":2,"89":2,"92":2,"98":2,"102":2,"117":2,"120":2,"126":2,"130":2,"141":2,"144":2,"163":3,"164":1,"167":2,"168":2,"169":2,"171":2,"172":2,"173":1,"176":1,"178":1,"180":1,"185":1,"189":1,"193":3,"195":1,"199":2,"201":2,"203":2,"204":2,"205":2,"206":2,"208":0,"211":2,"213":1,"215":1,"221":1,"225":2,"227":1,"229":1,"231":1,"236":3,"238":2,"240":2,"247":2,"258":2,"259":1,"260":1,"262":1,"265":0,"269":5,"270":1,"272":4,"273":1,"275":3,"276":2,"277":2,"279":1,"281":1,"282":1,"283":1,"287":0,"296":10,"300":9,"301":3,"306":8,"307":1,"308":1,"313":16,"314":16,"315":16,"316":16,"321":4,"322":4,"324":0,"330":14,"332":14,"336":8,"340":21,"344":0,"348":1},"path":"E:\\Repos\\Universidad_ORT\\Programacion_de_Contratos_Inteligentes\\Obligatorio\\obligatorio-colli-gallicchio\\contracts\\ExchangeContract.sol","s":{"1":8,"2":7,"3":1,"4":6,"5":1,"6":5,"7":1,"8":4,"9":1,"10":3,"11":3,"12":0,"13":3,"14":3,"15":0,"16":3,"17":1,"18":1,"19":1,"20":1,"21":2,"22":2,"23":2,"24":2,"25":2,"26":2,"27":2,"28":2,"29":2,"30":2,"31":2,"32":2,"33":3,"34":1,"35":2,"36":2,"37":2,"38":1,"39":1,"40":1,"41":1,"42":1,"43":1,"44":3,"45":1,"46":2,"47":2,"48":2,"49":2,"50":0,"51":2,"52":1,"53":1,"54":1,"55":2,"56":1,"57":1,"58":3,"59":2,"60":2,"61":2,"62":2,"63":1,"64":1,"65":1,"66":0,"67":5,"68":1,"69":4,"70":1,"71":3,"72":2,"73":2,"74":1,"75":1,"76":1,"77":1,"78":10,"79":9,"80":3,"81":8,"82":1,"83":1,"84":16,"85":16,"86":16,"87":4,"88":4,"89":0,"90":14,"91":14,"92":8,"93":21,"94":0,"95":1},"b":{"1":[1,6],"2":[1,5],"3":[1,4],"4":[1,3],"5":[0,3],"6":[0,3],"7":[1,2],"8":[1,1],"9":[1,0],"10":[1,2],"11":[0,2],"12":[1,1],"13":[1,0],"14":[1,4],"15":[1,3],"16":[1,1],"17":[1,0],"18":[3,6],"19":[1,7],"20":[0,4]},"f":{"1":8,"2":1,"3":2,"4":2,"5":2,"6":3,"7":3,"8":2,"9":3,"10":2,"11":5,"12":10,"13":9,"14":8,"15":16,"16":4,"17":14,"18":8,"19":21,"20":0,"21":1},"fnMap":{"1":{"name":"constructor","line":26,"loc":{"start":{"line":26,"column":4},"end":{"line":63,"column":4}}},"2":{"name":"getExchangeRate","line":65,"loc":{"start":{"line":65,"column":4},"end":{"line":73,"column":4}}},"3":{"name":"calculateTokensPerEthers","line":75,"loc":{"start":{"line":75,"column":4},"end":{"line":93,"column":4}}},"4":{"name":"calculateEthersToSellTokens","line":95,"loc":{"start":{"line":95,"column":5},"end":{"line":121,"column":4}}},"5":{"name":"calculateEthersToBuyTokens","line":123,"loc":{"start":{"line":123,"column":4},"end":{"line":145,"column":4}}},"6":{"name":"buyToken","line":162,"loc":{"start":{"line":162,"column":4},"end":{"line":190,"column":4}}},"7":{"name":"buyEther","line":192,"loc":{"start":{"line":192,"column":4},"end":{"line":222,"column":4}}},"8":{"name":"setFeePercentage","line":224,"loc":{"start":{"line":224,"column":4},"end":{"line":232,"column":4}}},"9":{"name":"deposit","line":234,"loc":{"start":{"line":234,"column":4},"end":{"line":254,"column":4}}},"10":{"name":"withdrawFeesAmount","line":256,"loc":{"start":{"line":256,"column":4},"end":{"line":266,"column":4}}},"11":{"name":"setTokenVault","line":268,"loc":{"start":{"line":268,"column":4},"end":{"line":288,"column":4}}},"12":{"name":"_getUnitDecimals","line":294,"loc":{"start":{"line":294,"column":4},"end":{"line":297,"column":4}}},"13":{"name":"_isOwnerProtocol","line":299,"loc":{"start":{"line":299,"column":4},"end":{"line":303,"column":5}}},"14":{"name":"_isZeroAddress","line":305,"loc":{"start":{"line":305,"column":4},"end":{"line":310,"column":4}}},"15":{"name":"_isSmartContractAddress","line":312,"loc":{"start":{"line":312,"column":5},"end":{"line":317,"column":5}}},"16":{"name":"_isInsuffientBalance","line":319,"loc":{"start":{"line":319,"column":4},"end":{"line":326,"column":4}}},"17":{"name":"_convertValueWithDecimals","line":328,"loc":{"start":{"line":328,"column":4},"end":{"line":333,"column":4}}},"18":{"name":"transferFromTokenContract","line":335,"loc":{"start":{"line":335,"column":4},"end":{"line":337,"column":4}}},"19":{"name":"balanceOfTokenContract","line":339,"loc":{"start":{"line":339,"column":4},"end":{"line":341,"column":4}}},"20":{"name":"transferTokenContract","line":343,"loc":{"start":{"line":343,"column":4},"end":{"line":345,"column":4}}},"21":{"name":"allowanceTokenContract","line":347,"loc":{"start":{"line":347,"column":5},"end":{"line":349,"column":4}}}},"statementMap":{"1":{"start":{"line":29,"column":8},"end":{"line":29,"column":49}},"2":{"start":{"line":30,"column":8},"end":{"line":30,"column":1169}},"3":{"start":{"line":31,"column":12},"end":{"line":31,"column":53}},"4":{"start":{"line":33,"column":8},"end":{"line":33,"column":1297}},"5":{"start":{"line":34,"column":12},"end":{"line":34,"column":58}},"6":{"start":{"line":36,"column":8},"end":{"line":36,"column":1415}},"7":{"start":{"line":37,"column":12},"end":{"line":37,"column":53}},"8":{"start":{"line":39,"column":8},"end":{"line":39,"column":1547}},"9":{"start":{"line":40,"column":12},"end":{"line":40,"column":47}},"10":{"start":{"line":42,"column":8},"end":{"line":42,"column":93}},"11":{"start":{"line":44,"column":8},"end":{"line":44,"column":1748}},"12":{"start":{"line":46,"column":11},"end":{"line":46,"column":52}},"13":{"start":{"line":49,"column":8},"end":{"line":49,"column":86}},"14":{"start":{"line":50,"column":8},"end":{"line":50,"column":1969}},"15":{"start":{"line":51,"column":12},"end":{"line":51,"column":53}},"16":{"start":{"line":54,"column":8},"end":{"line":54,"column":87}},"17":{"start":{"line":67,"column":8},"end":{"line":67,"column":91}},"18":{"start":{"line":68,"column":8},"end":{"line":68,"column":57}},"19":{"start":{"line":69,"column":8},"end":{"line":69,"column":137}},"20":{"start":{"line":72,"column":8},"end":{"line":72,"column":21}},"21":{"start":{"line":78,"column":9},"end":{"line":78,"column":92}},"22":{"start":{"line":80,"column":8},"end":{"line":80,"column":57}},"23":{"start":{"line":89,"column":8},"end":{"line":89,"column":148}},"24":{"start":{"line":92,"column":8},"end":{"line":92,"column":21}},"25":{"start":{"line":98,"column":9},"end":{"line":98,"column":92}},"26":{"start":{"line":102,"column":8},"end":{"line":102,"column":57}},"27":{"start":{"line":117,"column":8},"end":{"line":117,"column":167}},"28":{"start":{"line":120,"column":8},"end":{"line":120,"column":21}},"29":{"start":{"line":126,"column":8},"end":{"line":126,"column":91}},"30":{"start":{"line":130,"column":8},"end":{"line":130,"column":57}},"31":{"start":{"line":141,"column":8},"end":{"line":141,"column":165}},"32":{"start":{"line":144,"column":8},"end":{"line":144,"column":21}},"33":{"start":{"line":163,"column":8},"end":{"line":163,"column":7261}},"34":{"start":{"line":164,"column":11},"end":{"line":164,"column":46}},"35":{"start":{"line":167,"column":8},"end":{"line":167,"column":96}},"36":{"start":{"line":168,"column":8},"end":{"line":168,"column":101}},"37":{"start":{"line":172,"column":8},"end":{"line":172,"column":7710}},"38":{"start":{"line":173,"column":13},"end":{"line":173,"column":41}},"39":{"start":{"line":176,"column":8},"end":{"line":176,"column":90}},"40":{"start":{"line":178,"column":8},"end":{"line":178,"column":7912}},"41":{"start":{"line":180,"column":12},"end":{"line":180,"column":73}},"42":{"start":{"line":185,"column":7},"end":{"line":185,"column":91}},"43":{"start":{"line":189,"column":10},"end":{"line":189,"column":125}},"44":{"start":{"line":193,"column":8},"end":{"line":193,"column":8693}},"45":{"start":{"line":195,"column":11},"end":{"line":195,"column":50}},"46":{"start":{"line":199,"column":9},"end":{"line":199,"column":63}},"47":{"start":{"line":201,"column":8},"end":{"line":201,"column":97}},"48":{"start":{"line":203,"column":8},"end":{"line":203,"column":97}},"49":{"start":{"line":206,"column":8},"end":{"line":206,"column":9279}},"50":{"start":{"line":208,"column":12},"end":{"line":208,"column":41}},"51":{"start":{"line":211,"column":8},"end":{"line":211,"column":94}},"52":{"start":{"line":213,"column":8},"end":{"line":213,"column":53}},"53":{"start":{"line":215,"column":8},"end":{"line":215,"column":92}},"54":{"start":{"line":221,"column":8},"end":{"line":221,"column":124}},"55":{"start":{"line":225,"column":9},"end":{"line":225,"column":10176}},"56":{"start":{"line":227,"column":11},"end":{"line":227,"column":48}},"57":{"start":{"line":229,"column":9},"end":{"line":229,"column":36}},"58":{"start":{"line":236,"column":9},"end":{"line":236,"column":36}},"59":{"start":{"line":238,"column":9},"end":{"line":238,"column":71}},"60":{"start":{"line":240,"column":9},"end":{"line":240,"column":58}},"61":{"start":{"line":247,"column":9},"end":{"line":247,"column":90}},"62":{"start":{"line":258,"column":8},"end":{"line":258,"column":35}},"63":{"start":{"line":259,"column":8},"end":{"line":259,"column":49}},"64":{"start":{"line":260,"column":8},"end":{"line":260,"column":11474}},"65":{"start":{"line":262,"column":13},"end":{"line":262,"column":49}},"66":{"start":{"line":265,"column":8},"end":{"line":265,"column":50}},"67":{"start":{"line":269,"column":9},"end":{"line":269,"column":11711}},"68":{"start":{"line":270,"column":11},"end":{"line":270,"column":47}},"69":{"start":{"line":272,"column":8},"end":{"line":272,"column":11815}},"70":{"start":{"line":273,"column":12},"end":{"line":273,"column":53}},"71":{"start":{"line":275,"column":8},"end":{"line":275,"column":35}},"72":{"start":{"line":276,"column":8},"end":{"line":276,"column":86}},"73":{"start":{"line":277,"column":8},"end":{"line":277,"column":12071}},"74":{"start":{"line":279,"column":12},"end":{"line":279,"column":47}},"75":{"start":{"line":281,"column":8},"end":{"line":281,"column":90}},"76":{"start":{"line":282,"column":8},"end":{"line":282,"column":12273}},"77":{"start":{"line":283,"column":12},"end":{"line":283,"column":47}},"78":{"start":{"line":296,"column":8},"end":{"line":296,"column":43}},"79":{"start":{"line":300,"column":9},"end":{"line":300,"column":13014}},"80":{"start":{"line":301,"column":13},"end":{"line":301,"column":36}},"81":{"start":{"line":306,"column":9},"end":{"line":306,"column":13215}},"82":{"start":{"line":307,"column":13},"end":{"line":307,"column":87}},"83":{"start":{"line":308,"column":12},"end":{"line":308,"column":27}},"84":{"start":{"line":313,"column":9},"end":{"line":313,"column":101}},"85":{"start":{"line":314,"column":9},"end":{"line":314,"column":25}},"86":{"start":{"line":316,"column":9},"end":{"line":316,"column":64}},"87":{"start":{"line":321,"column":8},"end":{"line":321,"column":83}},"88":{"start":{"line":322,"column":8},"end":{"line":322,"column":13947}},"89":{"start":{"line":324,"column":13},"end":{"line":324,"column":42}},"90":{"start":{"line":330,"column":8},"end":{"line":330,"column":54}},"91":{"start":{"line":332,"column":8},"end":{"line":332,"column":21}},"92":{"start":{"line":336,"column":12},"end":{"line":336,"column":74}},"93":{"start":{"line":340,"column":12},"end":{"line":340,"column":67}},"94":{"start":{"line":344,"column":12},"end":{"line":344,"column":63}},"95":{"start":{"line":348,"column":12},"end":{"line":348,"column":78}}},"branchMap":{"1":{"line":30,"type":"if","locations":[{"start":{"line":30,"column":8},"end":{"line":30,"column":8}},{"start":{"line":30,"column":8},"end":{"line":30,"column":8}}]},"2":{"line":33,"type":"if","locations":[{"start":{"line":33,"column":8},"end":{"line":33,"column":8}},{"start":{"line":33,"column":8},"end":{"line":33,"column":8}}]},"3":{"line":36,"type":"if","locations":[{"start":{"line":36,"column":8},"end":{"line":36,"column":8}},{"start":{"line":36,"column":8},"end":{"line":36,"column":8}}]},"4":{"line":39,"type":"if","locations":[{"start":{"line":39,"column":8},"end":{"line":39,"column":8}},{"start":{"line":39,"column":8},"end":{"line":39,"column":8}}]},"5":{"line":44,"type":"if","locations":[{"start":{"line":44,"column":8},"end":{"line":44,"column":8}},{"start":{"line":44,"column":8},"end":{"line":44,"column":8}}]},"6":{"line":50,"type":"if","locations":[{"start":{"line":50,"column":8},"end":{"line":50,"column":8}},{"start":{"line":50,"column":8},"end":{"line":50,"column":8}}]},"7":{"line":163,"type":"if","locations":[{"start":{"line":163,"column":8},"end":{"line":163,"column":8}},{"start":{"line":163,"column":8},"end":{"line":163,"column":8}}]},"8":{"line":172,"type":"if","locations":[{"start":{"line":172,"column":8},"end":{"line":172,"column":8}},{"start":{"line":172,"column":8},"end":{"line":172,"column":8}}]},"9":{"line":178,"type":"if","locations":[{"start":{"line":178,"column":8},"end":{"line":178,"column":8}},{"start":{"line":178,"column":8},"end":{"line":178,"column":8}}]},"10":{"line":193,"type":"if","locations":[{"start":{"line":193,"column":8},"end":{"line":193,"column":8}},{"start":{"line":193,"column":8},"end":{"line":193,"column":8}}]},"11":{"line":206,"type":"if","locations":[{"start":{"line":206,"column":8},"end":{"line":206,"column":8}},{"start":{"line":206,"column":8},"end":{"line":206,"column":8}}]},"12":{"line":225,"type":"if","locations":[{"start":{"line":225,"column":9},"end":{"line":225,"column":9}},{"start":{"line":225,"column":9},"end":{"line":225,"column":9}}]},"13":{"line":260,"type":"if","locations":[{"start":{"line":260,"column":8},"end":{"line":260,"column":8}},{"start":{"line":260,"column":8},"end":{"line":260,"column":8}}]},"14":{"line":269,"type":"if","locations":[{"start":{"line":269,"column":9},"end":{"line":269,"column":9}},{"start":{"line":269,"column":9},"end":{"line":269,"column":9}}]},"15":{"line":272,"type":"if","locations":[{"start":{"line":272,"column":8},"end":{"line":272,"column":8}},{"start":{"line":272,"column":8},"end":{"line":272,"column":8}}]},"16":{"line":277,"type":"if","locations":[{"start":{"line":277,"column":8},"end":{"line":277,"column":8}},{"start":{"line":277,"column":8},"end":{"line":277,"column":8}}]},"17":{"line":282,"type":"if","locations":[{"start":{"line":282,"column":8},"end":{"line":282,"column":8}},{"start":{"line":282,"column":8},"end":{"line":282,"column":8}}]},"18":{"line":300,"type":"if","locations":[{"start":{"line":300,"column":9},"end":{"line":300,"column":9}},{"start":{"line":300,"column":9},"end":{"line":300,"column":9}}]},"19":{"line":306,"type":"if","locations":[{"start":{"line":306,"column":9},"end":{"line":306,"column":9}},{"start":{"line":306,"column":9},"end":{"line":306,"column":9}}]},"20":{"line":322,"type":"if","locations":[{"start":{"line":322,"column":8},"end":{"line":322,"column":8}},{"start":{"line":322,"column":8},"end":{"line":322,"column":8}}]}}},"contracts\\interfaces\\ITokenContract.sol":{"l":{},"path":"E:\\Repos\\Universidad_ORT\\Programacion_de_Contratos_Inteligentes\\Obligatorio\\obligatorio-colli-gallicchio\\contracts\\interfaces\\ITokenContract.sol","s":{},"b":{},"f":{},"fnMap":{},"statementMap":{},"branchMap":{}},"contracts\\PolygonBridgeContract.sol":{"l":{"21":0,"22":0,"23":0,"24":0,"25":0,"27":0,"28":0,"29":0,"36":0,"37":0,"38":0,"39":0,"42":0},"path":"E:\\Repos\\Universidad_ORT\\Programacion_de_Contratos_Inteligentes\\Obligatorio\\obligatorio-colli-gallicchio\\contracts\\PolygonBridgeContract.sol","s":{"1":0,"2":0,"3":0,"4":0,"5":0,"6":0,"7":0,"8":0,"9":0,"10":0,"11":0,"12":0,"13":0,"14":0},"b":{"1":[0,0],"2":[0,0],"3":[0,0]},"f":{"1":0,"2":0,"3":0},"fnMap":{"1":{"name":"constructor","line":18,"loc":{"start":{"line":18,"column":4},"end":{"line":18,"column":75}}},"2":{"name":"mintTo","line":20,"loc":{"start":{"line":20,"column":4},"end":{"line":33,"column":4}}},"3":{"name":"transferToEthereum","line":35,"loc":{"start":{"line":35,"column":4},"end":{"line":43,"column":4}}}},"statementMap":{"1":{"start":{"line":21,"column":8},"end":{"line":21,"column":35}},"2":{"start":{"line":22,"column":8},"end":{"line":22,"column":33}},"3":{"start":{"line":23,"column":8},"end":{"line":23,"column":49}},"4":{"start":{"line":24,"column":8},"end":{"line":24,"column":917}},"5":{"start":{"line":25,"column":12},"end":{"line":25,"column":48}},"6":{"start":{"line":27,"column":8},"end":{"line":27,"column":75}},"7":{"start":{"line":28,"column":8},"end":{"line":28,"column":1097}},"8":{"start":{"line":29,"column":12},"end":{"line":29,"column":52}},"9":{"start":{"line":32,"column":8},"end":{"line":32,"column":41}},"10":{"start":{"line":36,"column":8},"end":{"line":36,"column":49}},"11":{"start":{"line":37,"column":8},"end":{"line":37,"column":88}},"12":{"start":{"line":38,"column":8},"end":{"line":38,"column":1492}},"13":{"start":{"line":39,"column":12},"end":{"line":39,"column":54}},"14":{"start":{"line":42,"column":8},"end":{"line":42,"column":57}}},"branchMap":{"1":{"line":24,"type":"if","locations":[{"start":{"line":24,"column":8},"end":{"line":24,"column":8}},{"start":{"line":24,"column":8},"end":{"line":24,"column":8}}]},"2":{"line":28,"type":"if","locations":[{"start":{"line":28,"column":8},"end":{"line":28,"column":8}},{"start":{"line":28,"column":8},"end":{"line":28,"column":8}}]},"3":{"line":38,"type":"if","locations":[{"start":{"line":38,"column":8},"end":{"line":38,"column":8}},{"start":{"line":38,"column":8},"end":{"line":38,"column":8}}]}}},"contracts\\TokenContract.sol":{"l":{"26":9,"28":9,"29":9,"30":9,"35":1,"40":1,"59":10,"60":10,"61":9,"62":8,"63":7,"66":6,"67":6,"68":6,"88":18,"89":18,"90":17,"91":16,"92":15,"93":14,"94":13,"97":8,"98":8,"100":8,"115":10,"116":10,"117":9,"120":8,"121":8,"129":13,"130":5,"131":5},"path":"E:\\Repos\\Universidad_ORT\\Programacion_de_Contratos_Inteligentes\\Obligatorio\\obligatorio-colli-gallicchio\\contracts\\TokenContract.sol","s":{"1":9,"2":1,"3":1,"4":10,"5":10,"6":9,"7":8,"8":7,"9":6,"10":18,"11":18,"12":17,"13":16,"14":15,"15":14,"16":13,"17":8,"18":10,"19":10,"20":9,"21":8,"22":13,"23":5,"24":5},"b":{"1":[5,8]},"f":{"1":9,"2":1,"3":1,"4":10,"5":18,"6":10,"7":13},"fnMap":{"1":{"name":"constructor","line":25,"loc":{"start":{"line":25,"column":4},"end":{"line":31,"column":4}}},"2":{"name":"totalSupply","line":33,"loc":{"start":{"line":33,"column":4},"end":{"line":36,"column":4}}},"3":{"name":"maxSupply","line":38,"loc":{"start":{"line":38,"column":4},"end":{"line":41,"column":4}}},"4":{"name":"transfer","line":56,"loc":{"start":{"line":56,"column":4},"end":{"line":69,"column":4}}},"5":{"name":"transferFrom","line":85,"loc":{"start":{"line":85,"column":4},"end":{"line":101,"column":4}}},"6":{"name":"approve","line":112,"loc":{"start":{"line":112,"column":4},"end":{"line":122,"column":4}}},"7":{"name":"_isAuthorized","line":128,"loc":{"start":{"line":128,"column":4},"end":{"line":133,"column":4}}}},"statementMap":{"1":{"start":{"line":26,"column":8},"end":{"line":26,"column":61}},"2":{"start":{"line":35,"column":8},"end":{"line":35,"column":32}},"3":{"start":{"line":40,"column":8},"end":{"line":40,"column":30}},"4":{"start":{"line":59,"column":8},"end":{"line":59,"column":46}},"5":{"start":{"line":60,"column":8},"end":{"line":60,"column":46}},"6":{"start":{"line":61,"column":8},"end":{"line":61,"column":50}},"7":{"start":{"line":62,"column":8},"end":{"line":62,"column":54}},"8":{"start":{"line":63,"column":8},"end":{"line":63,"column":61}},"9":{"start":{"line":68,"column":8},"end":{"line":68,"column":46}},"10":{"start":{"line":88,"column":8},"end":{"line":88,"column":50}},"11":{"start":{"line":89,"column":8},"end":{"line":89,"column":50}},"12":{"start":{"line":90,"column":8},"end":{"line":90,"column":46}},"13":{"start":{"line":91,"column":8},"end":{"line":91,"column":51}},"14":{"start":{"line":92,"column":8},"end":{"line":92,"column":49}},"15":{"start":{"line":93,"column":8},"end":{"line":93,"column":56}},"16":{"start":{"line":94,"column":8},"end":{"line":94,"column":60}},"17":{"start":{"line":100,"column":8},"end":{"line":100,"column":46}},"18":{"start":{"line":115,"column":8},"end":{"line":115,"column":45}},"19":{"start":{"line":116,"column":8},"end":{"line":116,"column":56}},"20":{"start":{"line":117,"column":8},"end":{"line":117,"column":61}},"21":{"start":{"line":121,"column":8},"end":{"line":121,"column":51}},"22":{"start":{"line":129,"column":8},"end":{"line":129,"column":6064}},"23":{"start":{"line":130,"column":12},"end":{"line":130,"column":96}},"24":{"start":{"line":131,"column":12},"end":{"line":131,"column":27}}},"branchMap":{"1":{"line":129,"type":"if","locations":[{"start":{"line":129,"column":8},"end":{"line":129,"column":8}},{"start":{"line":129,"column":8},"end":{"line":129,"column":8}}]}}},"contracts\\TokenContractAbstract.sol":{"l":{"25":11,"26":11,"27":10,"29":9,"30":9,"31":9,"36":1,"41":1,"46":9,"55":18,"59":21,"60":2,"61":2,"66":9,"67":1,"68":1,"73":16,"74":1,"75":1,"80":55,"81":4,"82":4,"87":23,"88":2,"89":2,"94":30,"95":3,"96":3},"path":"E:\\Repos\\Universidad_ORT\\Programacion_de_Contratos_Inteligentes\\Obligatorio\\obligatorio-colli-gallicchio\\contracts\\TokenContractAbstract.sol","s":{"1":11,"2":11,"3":10,"4":1,"5":1,"6":9,"7":18,"8":21,"9":2,"10":2,"11":9,"12":1,"13":1,"14":16,"15":1,"16":1,"17":55,"18":4,"19":4,"20":23,"21":2,"22":2,"23":30,"24":3,"25":3},"b":{"1":[2,19],"2":[1,8],"3":[1,15],"4":[4,51],"5":[2,21],"6":[3,27]},"f":{"1":11,"2":1,"3":1,"4":9,"5":18,"6":21,"7":9,"8":16,"9":55,"10":23,"11":30},"fnMap":{"1":{"name":"constructor","line":22,"loc":{"start":{"line":22,"column":4},"end":{"line":33,"column":4}}},"2":{"name":"name","line":35,"loc":{"start":{"line":35,"column":4},"end":{"line":37,"column":4}}},"3":{"name":"symbol","line":39,"loc":{"start":{"line":39,"column":5},"end":{"line":42,"column":4}}},"4":{"name":"decimals","line":44,"loc":{"start":{"line":44,"column":4},"end":{"line":47,"column":4}}},"5":{"name":"_concatMessage","line":54,"loc":{"start":{"line":54,"column":4},"end":{"line":56,"column":4}}},"6":{"name":"_isEmptyString","line":58,"loc":{"start":{"line":58,"column":4},"end":{"line":63,"column":4}}},"7":{"name":"_isZeroValue","line":65,"loc":{"start":{"line":65,"column":4},"end":{"line":70,"column":4}}},"8":{"name":"_isZeroAmount","line":72,"loc":{"start":{"line":72,"column":4},"end":{"line":77,"column":4}}},"9":{"name":"_isZeroAddress","line":79,"loc":{"start":{"line":79,"column":4},"end":{"line":84,"column":4}}},"10":{"name":"_isValidRecipient","line":86,"loc":{"start":{"line":86,"column":4},"end":{"line":91,"column":4}}},"11":{"name":"_hasSufficientBalance","line":93,"loc":{"start":{"line":93,"column":5},"end":{"line":98,"column":4}}}},"statementMap":{"1":{"start":{"line":25,"column":8},"end":{"line":25,"column":49}},"2":{"start":{"line":26,"column":8},"end":{"line":26,"column":50}},"3":{"start":{"line":27,"column":8},"end":{"line":27,"column":54}},"4":{"start":{"line":36,"column":8},"end":{"line":36,"column":25}},"5":{"start":{"line":41,"column":8},"end":{"line":41,"column":27}},"6":{"start":{"line":46,"column":8},"end":{"line":46,"column":29}},"7":{"start":{"line":55,"column":8},"end":{"line":55,"column":67}},"8":{"start":{"line":59,"column":8},"end":{"line":59,"column":2093}},"9":{"start":{"line":60,"column":12},"end":{"line":60,"column":106}},"10":{"start":{"line":61,"column":12},"end":{"line":61,"column":27}},"11":{"start":{"line":66,"column":8},"end":{"line":66,"column":2419}},"12":{"start":{"line":67,"column":12},"end":{"line":67,"column":106}},"13":{"start":{"line":68,"column":12},"end":{"line":68,"column":27}},"14":{"start":{"line":73,"column":8},"end":{"line":73,"column":2732}},"15":{"start":{"line":74,"column":12},"end":{"line":74,"column":106}},"16":{"start":{"line":75,"column":12},"end":{"line":75,"column":27}},"17":{"start":{"line":80,"column":8},"end":{"line":80,"column":3048}},"18":{"start":{"line":81,"column":12},"end":{"line":81,"column":106}},"19":{"start":{"line":82,"column":12},"end":{"line":82,"column":27}},"20":{"start":{"line":87,"column":8},"end":{"line":87,"column":3370}},"21":{"start":{"line":88,"column":12},"end":{"line":88,"column":111}},"22":{"start":{"line":89,"column":12},"end":{"line":89,"column":27}},"23":{"start":{"line":94,"column":8},"end":{"line":94,"column":3698}},"24":{"start":{"line":95,"column":12},"end":{"line":95,"column":95}},"25":{"start":{"line":96,"column":12},"end":{"line":96,"column":27}}},"branchMap":{"1":{"line":59,"type":"if","locations":[{"start":{"line":59,"column":8},"end":{"line":59,"column":8}},{"start":{"line":59,"column":8},"end":{"line":59,"column":8}}]},"2":{"line":66,"type":"if","locations":[{"start":{"line":66,"column":8},"end":{"line":66,"column":8}},{"start":{"line":66,"column":8},"end":{"line":66,"column":8}}]},"3":{"line":73,"type":"if","locations":[{"start":{"line":73,"column":8},"end":{"line":73,"column":8}},{"start":{"line":73,"column":8},"end":{"line":73,"column":8}}]},"4":{"line":80,"type":"if","locations":[{"start":{"line":80,"column":8},"end":{"line":80,"column":8}},{"start":{"line":80,"column":8},"end":{"line":80,"column":8}}]},"5":{"line":87,"type":"if","locations":[{"start":{"line":87,"column":8},"end":{"line":87,"column":8}},{"start":{"line":87,"column":8},"end":{"line":87,"column":8}}]},"6":{"line":94,"type":"if","locations":[{"start":{"line":94,"column":8},"end":{"line":94,"column":8}},{"start":{"line":94,"column":8},"end":{"line":94,"column":8}}]}}}}