{
"contracts\\Bridge_Ethereum.sol":{"l":{"19":4,"20":1,"22":3,"26":6,"27":1,"30":5,"32":4,"33":1,"36":3,"37":3,"38":1,"41":2,"43":2,"44":1,"49":8,"50":7,"52":5,"53":1,"55":4,"56":3,"57":1,"60":2,"61":1,"64":1,"65":1,"73":3,"77":2,"81":1},"path":"E:\\Repos\\Universidad_ORT\\Programacion_de_Contratos_Inteligentes\\Obligatorio\\obligatorio-colli-gallicchio\\contracts\\Bridge_Ethereum.sol","s":{"1":4,"2":1,"3":6,"4":1,"5":5,"6":4,"7":1,"8":3,"9":3,"10":1,"11":2,"12":1,"13":8,"14":7,"15":5,"16":1,"17":4,"18":3,"19":1,"20":2,"21":1,"22":1,"23":3,"24":2,"25":1},"b":{"1":[1,3],"2":[1,5],"3":[1,3],"4":[1,2],"5":[1,4],"6":[1,2],"7":[1,1]},"f":{"1":4,"2":6,"3":8,"4":3,"5":2,"6":1},"fnMap":{"1":{"name":"constructor","line":17,"loc":{"start":{"line":17,"column":4},"end":{"line":23,"column":4}}},"2":{"name":"transferToPolygon","line":25,"loc":{"start":{"line":25,"column":4},"end":{"line":46,"column":4}}},"3":{"name":"unStake","line":48,"loc":{"start":{"line":48,"column":4},"end":{"line":66,"column":4}}},"4":{"name":"balanceOfTokenContract","line":72,"loc":{"start":{"line":72,"column":4},"end":{"line":74,"column":4}}},"5":{"name":"transferFromTokenContract","line":76,"loc":{"start":{"line":76,"column":5},"end":{"line":78,"column":4}}},"6":{"name":"transferTokenContract","line":80,"loc":{"start":{"line":80,"column":4},"end":{"line":82,"column":4}}}},"statementMap":{"1":{"start":{"line":19,"column":8},"end":{"line":19,"column":568}},"2":{"start":{"line":20,"column":12},"end":{"line":20,"column":58}},"3":{"start":{"line":26,"column":8},"end":{"line":26,"column":801}},"4":{"start":{"line":27,"column":12},"end":{"line":27,"column":59}},"5":{"start":{"line":30,"column":8},"end":{"line":30,"column":38}},"6":{"start":{"line":32,"column":8},"end":{"line":32,"column":963}},"7":{"start":{"line":33,"column":12},"end":{"line":33,"column":35}},"8":{"start":{"line":36,"column":8},"end":{"line":36,"column":86}},"9":{"start":{"line":37,"column":8},"end":{"line":37,"column":1151}},"10":{"start":{"line":38,"column":12},"end":{"line":38,"column":41}},"11":{"start":{"line":43,"column":8},"end":{"line":43,"column":90}},"12":{"start":{"line":44,"column":8},"end":{"line":44,"column":56}},"13":{"start":{"line":49,"column":8},"end":{"line":49,"column":45}},"14":{"start":{"line":50,"column":8},"end":{"line":50,"column":35}},"15":{"start":{"line":52,"column":8},"end":{"line":52,"column":1664}},"16":{"start":{"line":53,"column":12},"end":{"line":53,"column":51}},"17":{"start":{"line":55,"column":8},"end":{"line":55,"column":49}},"18":{"start":{"line":56,"column":8},"end":{"line":56,"column":1831}},"19":{"start":{"line":57,"column":12},"end":{"line":57,"column":48}},"20":{"start":{"line":60,"column":8},"end":{"line":60,"column":1943}},"21":{"start":{"line":61,"column":12},"end":{"line":61,"column":54}},"22":{"start":{"line":65,"column":8},"end":{"line":65,"column":73}},"23":{"start":{"line":73,"column":12},"end":{"line":73,"column":67}},"24":{"start":{"line":77,"column":12},"end":{"line":77,"column":74}},"25":{"start":{"line":81,"column":12},"end":{"line":81,"column":63}}},"branchMap":{"1":{"line":19,"type":"if","locations":[{"start":{"line":19,"column":8},"end":{"line":19,"column":8}},{"start":{"line":19,"column":8},"end":{"line":19,"column":8}}]},"2":{"line":26,"type":"if","locations":[{"start":{"line":26,"column":8},"end":{"line":26,"column":8}},{"start":{"line":26,"column":8},"end":{"line":26,"column":8}}]},"3":{"line":32,"type":"if","locations":[{"start":{"line":32,"column":8},"end":{"line":32,"column":8}},{"start":{"line":32,"column":8},"end":{"line":32,"column":8}}]},"4":{"line":37,"type":"if","locations":[{"start":{"line":37,"column":8},"end":{"line":37,"column":8}},{"start":{"line":37,"column":8},"end":{"line":37,"column":8}}]},"5":{"line":52,"type":"if","locations":[{"start":{"line":52,"column":8},"end":{"line":52,"column":8}},{"start":{"line":52,"column":8},"end":{"line":52,"column":8}}]},"6":{"line":56,"type":"if","locations":[{"start":{"line":56,"column":8},"end":{"line":56,"column":8}},{"start":{"line":56,"column":8},"end":{"line":56,"column":8}}]},"7":{"line":60,"type":"if","locations":[{"start":{"line":60,"column":8},"end":{"line":60,"column":8}},{"start":{"line":60,"column":8},"end":{"line":60,"column":8}}]}}},
"contracts\\Bridge_Polygon.sol":{"l":{"19":5,"20":1,"22":4,"23":1,"25":3,"29":7,"30":5,"31":1,"33":4,"34":3,"35":2,"36":1,"37":1,"41":6,"42":5,"43":1,"45":4,"46":3,"48":2,"49":2,"50":1,"52":1,"53":1,"61":4,"62":4,"63":4,"64":4,"68":1,"72":2,"76":1},"path":"E:\\Repos\\Universidad_ORT\\Programacion_de_Contratos_Inteligentes\\Obligatorio\\obligatorio-colli-gallicchio\\contracts\\Bridge_Polygon.sol","s":{"1":5,"2":1,"3":4,"4":1,"5":7,"6":5,"7":1,"8":4,"9":3,"10":2,"11":1,"12":1,"13":6,"14":5,"15":1,"16":4,"17":3,"18":2,"19":2,"20":1,"21":1,"22":1,"23":4,"24":4,"25":4,"26":1,"27":2,"28":1},"b":{"1":[1,4],"2":[1,3],"3":[1,4],"4":[1,4],"5":[1,1]},"f":{"1":5,"2":7,"3":6,"4":4,"5":1,"6":2,"7":1},"fnMap":{"1":{"name":"constructor","line":18,"loc":{"start":{"line":18,"column":4},"end":{"line":26,"column":4}}},"2":{"name":"mintTo","line":28,"loc":{"start":{"line":28,"column":4},"end":{"line":38,"column":4}}},"3":{"name":"transferToEthereum","line":40,"loc":{"start":{"line":40,"column":4},"end":{"line":54,"column":4}}},"4":{"name":"_isSmartContractAddress","line":60,"loc":{"start":{"line":60,"column":4},"end":{"line":65,"column":5}}},"5":{"name":"mintTokenContract","line":67,"loc":{"start":{"line":67,"column":5},"end":{"line":69,"column":4}}},"6":{"name":"balanceOfTokenContract","line":71,"loc":{"start":{"line":71,"column":5},"end":{"line":73,"column":4}}},"7":{"name":"burnTokenContract","line":75,"loc":{"start":{"line":75,"column":4},"end":{"line":77,"column":4}}}},"statementMap":{"1":{"start":{"line":19,"column":9},"end":{"line":19,"column":680}},"2":{"start":{"line":20,"column":12},"end":{"line":20,"column":51}},"3":{"start":{"line":22,"column":8},"end":{"line":22,"column":789}},"4":{"start":{"line":23,"column":12},"end":{"line":23,"column":53}},"5":{"start":{"line":29,"column":9},"end":{"line":29,"column":36}},"6":{"start":{"line":30,"column":8},"end":{"line":30,"column":1071}},"7":{"start":{"line":31,"column":12},"end":{"line":31,"column":48}},"8":{"start":{"line":33,"column":9},"end":{"line":33,"column":34}},"9":{"start":{"line":34,"column":8},"end":{"line":34,"column":49}},"10":{"start":{"line":35,"column":9},"end":{"line":35,"column":39}},"11":{"start":{"line":36,"column":8},"end":{"line":36,"column":60}},"12":{"start":{"line":37,"column":8},"end":{"line":37,"column":41}},"13":{"start":{"line":41,"column":8},"end":{"line":41,"column":35}},"14":{"start":{"line":42,"column":8},"end":{"line":42,"column":1548}},"15":{"start":{"line":43,"column":12},"end":{"line":43,"column":55}},"16":{"start":{"line":45,"column":8},"end":{"line":45,"column":47}},"17":{"start":{"line":46,"column":8},"end":{"line":46,"column":49}},"18":{"start":{"line":48,"column":8},"end":{"line":48,"column":90}},"19":{"start":{"line":49,"column":8},"end":{"line":49,"column":1870}},"20":{"start":{"line":50,"column":12},"end":{"line":50,"column":54}},"21":{"start":{"line":52,"column":8},"end":{"line":52,"column":67}},"22":{"start":{"line":53,"column":8},"end":{"line":53,"column":57}},"23":{"start":{"line":61,"column":9},"end":{"line":61,"column":101}},"24":{"start":{"line":62,"column":9},"end":{"line":62,"column":25}},"25":{"start":{"line":64,"column":9},"end":{"line":64,"column":64}},"26":{"start":{"line":68,"column":8},"end":{"line":68,"column":67}},"27":{"start":{"line":72,"column":12},"end":{"line":72,"column":72}},"28":{"start":{"line":76,"column":8},"end":{"line":76,"column":69}}},"branchMap":{"1":{"line":19,"type":"if","locations":[{"start":{"line":19,"column":9},"end":{"line":19,"column":9}},{"start":{"line":19,"column":9},"end":{"line":19,"column":9}}]},"2":{"line":22,"type":"if","locations":[{"start":{"line":22,"column":8},"end":{"line":22,"column":8}},{"start":{"line":22,"column":8},"end":{"line":22,"column":8}}]},"3":{"line":30,"type":"if","locations":[{"start":{"line":30,"column":8},"end":{"line":30,"column":8}},{"start":{"line":30,"column":8},"end":{"line":30,"column":8}}]},"4":{"line":42,"type":"if","locations":[{"start":{"line":42,"column":8},"end":{"line":42,"column":8}},{"start":{"line":42,"column":8},"end":{"line":42,"column":8}}]},"5":{"line":49,"type":"if","locations":[{"start":{"line":49,"column":8},"end":{"line":49,"column":8}},{"start":{"line":49,"column":8},"end":{"line":49,"column":8}}]}}},
"contracts\\BridgeAbstract.sol":{"l":{"17":9,"21":1,"25":17,"29":7,"30":6,"31":1,"33":5,"34":4,"38":4,"39":1,"41":3,"42":2,"50":23,"51":4,"52":4,"57":5,"58":1,"63":3,"64":1,"69":20,"70":5,"75":10,"76":3,"77":3,"83":7,"84":7,"86":2,"91":7},"path":"E:\\Repos\\Universidad_ORT\\Programacion_de_Contratos_Inteligentes\\Obligatorio\\obligatorio-colli-gallicchio\\contracts\\BridgeAbstract.sol","s":{"1":1,"2":17,"3":7,"4":6,"5":1,"6":5,"7":4,"8":1,"9":3,"10":23,"11":4,"12":4,"13":5,"14":1,"15":3,"16":1,"17":20,"18":5,"19":10,"20":3,"21":3,"22":7,"23":7,"24":2,"25":7},"b":{"1":[1,5],"2":[1,3],"3":[4,19],"4":[1,4],"5":[1,2],"6":[5,15],"7":[3,7],"8":[2,5]},"f":{"1":9,"2":1,"3":17,"4":7,"5":4,"6":23,"7":5,"8":3,"9":20,"10":10,"11":7,"12":7},"fnMap":{"1":{"name":"constructor","line":15,"loc":{"start":{"line":15,"column":4},"end":{"line":18,"column":4}}},"2":{"name":"owner","line":20,"loc":{"start":{"line":20,"column":4},"end":{"line":22,"column":4}}},"3":{"name":"erc20Contract","line":24,"loc":{"start":{"line":24,"column":4},"end":{"line":26,"column":4}}},"4":{"name":"addAddressToBlackList","line":28,"loc":{"start":{"line":28,"column":4},"end":{"line":35,"column":4}}},"5":{"name":"removeAddressFromBlackList","line":37,"loc":{"start":{"line":37,"column":4},"end":{"line":43,"column":4}}},"6":{"name":"_isZeroAddress","line":49,"loc":{"start":{"line":49,"column":4},"end":{"line":54,"column":4}}},"7":{"name":"_isBlacklistAddress","line":56,"loc":{"start":{"line":56,"column":4},"end":{"line":60,"column":4}}},"8":{"name":"_isNotBlacklistAddress","line":62,"loc":{"start":{"line":62,"column":4},"end":{"line":66,"column":4}}},"9":{"name":"_isOwnerProtocol","line":68,"loc":{"start":{"line":68,"column":4},"end":{"line":72,"column":4}}},"10":{"name":"_isZeroValue","line":74,"loc":{"start":{"line":74,"column":4},"end":{"line":79,"column":4}}},"11":{"name":"_exceedsMaxSupply","line":81,"loc":{"start":{"line":81,"column":4},"end":{"line":88,"column":4}}},"12":{"name":"maxSupplyTokenContract","line":90,"loc":{"start":{"line":90,"column":4},"end":{"line":92,"column":4}}}},"statementMap":{"1":{"start":{"line":21,"column":8},"end":{"line":21,"column":21}},"2":{"start":{"line":25,"column":8},"end":{"line":25,"column":29}},"3":{"start":{"line":29,"column":8},"end":{"line":29,"column":57}},"4":{"start":{"line":30,"column":8},"end":{"line":30,"column":743}},"5":{"start":{"line":31,"column":12},"end":{"line":31,"column":52}},"6":{"start":{"line":33,"column":8},"end":{"line":33,"column":43}},"7":{"start":{"line":38,"column":8},"end":{"line":38,"column":1042}},"8":{"start":{"line":39,"column":12},"end":{"line":39,"column":52}},"9":{"start":{"line":41,"column":8},"end":{"line":41,"column":46}},"10":{"start":{"line":50,"column":8},"end":{"line":50,"column":1693}},"11":{"start":{"line":51,"column":12},"end":{"line":51,"column":94}},"12":{"start":{"line":52,"column":12},"end":{"line":52,"column":27}},"13":{"start":{"line":57,"column":8},"end":{"line":57,"column":1956}},"14":{"start":{"line":58,"column":12},"end":{"line":58,"column":48}},"15":{"start":{"line":63,"column":8},"end":{"line":63,"column":2151}},"16":{"start":{"line":64,"column":12},"end":{"line":64,"column":38}},"17":{"start":{"line":69,"column":8},"end":{"line":69,"column":2339}},"18":{"start":{"line":70,"column":12},"end":{"line":70,"column":35}},"19":{"start":{"line":75,"column":8},"end":{"line":75,"column":2530}},"20":{"start":{"line":76,"column":12},"end":{"line":76,"column":97}},"21":{"start":{"line":77,"column":12},"end":{"line":77,"column":27}},"22":{"start":{"line":83,"column":8},"end":{"line":83,"column":69}},"23":{"start":{"line":84,"column":8},"end":{"line":84,"column":2865}},"24":{"start":{"line":86,"column":12},"end":{"line":86,"column":52}},"25":{"start":{"line":91,"column":12},"end":{"line":91,"column":62}}},"branchMap":{"1":{"line":30,"type":"if","locations":[{"start":{"line":30,"column":8},"end":{"line":30,"column":8}},{"start":{"line":30,"column":8},"end":{"line":30,"column":8}}]},"2":{"line":38,"type":"if","locations":[{"start":{"line":38,"column":8},"end":{"line":38,"column":8}},{"start":{"line":38,"column":8},"end":{"line":38,"column":8}}]},"3":{"line":50,"type":"if","locations":[{"start":{"line":50,"column":8},"end":{"line":50,"column":8}},{"start":{"line":50,"column":8},"end":{"line":50,"column":8}}]},"4":{"line":57,"type":"if","locations":[{"start":{"line":57,"column":8},"end":{"line":57,"column":8}},{"start":{"line":57,"column":8},"end":{"line":57,"column":8}}]},"5":{"line":63,"type":"if","locations":[{"start":{"line":63,"column":8},"end":{"line":63,"column":8}},{"start":{"line":63,"column":8},"end":{"line":63,"column":8}}]},"6":{"line":69,"type":"if","locations":[{"start":{"line":69,"column":8},"end":{"line":69,"column":8}},{"start":{"line":69,"column":8},"end":{"line":69,"column":8}}]},"7":{"line":75,"type":"if","locations":[{"start":{"line":75,"column":8},"end":{"line":75,"column":8}},{"start":{"line":75,"column":8},"end":{"line":75,"column":8}}]},"8":{"line":84,"type":"if","locations":[{"start":{"line":84,"column":8},"end":{"line":84,"column":8}},{"start":{"line":84,"column":8},"end":{"line":84,"column":8}}]}}},
"contracts\\ERC20_Ethereum.sol":{"l":{"22":9,"23":9,"24":9,"43":12,"44":12,"45":11,"46":10,"47":9,"50":8,"51":8,"52":8,"72":30,"73":30,"74":29,"75":28,"76":27,"77":26,"78":25,"81":20,"82":20,"83":20,"85":19,"86":19,"88":20,"103":12,"104":12,"105":11,"108":10,"109":10,"117":25,"118":5,"119":5},"path":"E:\\Repos\\Universidad_ORT\\Programacion_de_Contratos_Inteligentes\\Obligatorio\\obligatorio-colli-gallicchio\\contracts\\ERC20_Ethereum.sol","s":{"1":12,"2":12,"3":11,"4":10,"5":9,"6":8,"7":30,"8":30,"9":29,"10":28,"11":27,"12":26,"13":25,"14":20,"15":19,"16":20,"17":12,"18":12,"19":11,"20":10,"21":25,"22":5,"23":5},"b":{"1":[19,1],"2":[5,20]},"f":{"1":9,"2":12,"3":30,"4":12,"5":25},"fnMap":{"1":{"name":"constructor","line":20,"loc":{"start":{"line":20,"column":4},"end":{"line":25,"column":4}}},"2":{"name":"transfer","line":40,"loc":{"start":{"line":40,"column":4},"end":{"line":53,"column":4}}},"3":{"name":"transferFrom","line":69,"loc":{"start":{"line":69,"column":4},"end":{"line":89,"column":4}}},"4":{"name":"approve","line":100,"loc":{"start":{"line":100,"column":4},"end":{"line":110,"column":4}}},"5":{"name":"_isAuthorized","line":116,"loc":{"start":{"line":116,"column":4},"end":{"line":121,"column":4}}}},"statementMap":{"1":{"start":{"line":43,"column":8},"end":{"line":43,"column":46}},"2":{"start":{"line":44,"column":8},"end":{"line":44,"column":46}},"3":{"start":{"line":45,"column":8},"end":{"line":45,"column":50}},"4":{"start":{"line":46,"column":8},"end":{"line":46,"column":54}},"5":{"start":{"line":47,"column":8},"end":{"line":47,"column":61}},"6":{"start":{"line":52,"column":8},"end":{"line":52,"column":46}},"7":{"start":{"line":72,"column":8},"end":{"line":72,"column":50}},"8":{"start":{"line":73,"column":8},"end":{"line":73,"column":50}},"9":{"start":{"line":74,"column":8},"end":{"line":74,"column":46}},"10":{"start":{"line":75,"column":8},"end":{"line":75,"column":51}},"11":{"start":{"line":76,"column":8},"end":{"line":76,"column":49}},"12":{"start":{"line":77,"column":8},"end":{"line":77,"column":56}},"13":{"start":{"line":78,"column":8},"end":{"line":78,"column":60}},"14":{"start":{"line":83,"column":8},"end":{"line":83,"column":4170}},"15":{"start":{"line":85,"column":12},"end":{"line":85,"column":67}},"16":{"start":{"line":88,"column":8},"end":{"line":88,"column":46}},"17":{"start":{"line":103,"column":8},"end":{"line":103,"column":45}},"18":{"start":{"line":104,"column":8},"end":{"line":104,"column":56}},"19":{"start":{"line":105,"column":8},"end":{"line":105,"column":61}},"20":{"start":{"line":109,"column":8},"end":{"line":109,"column":51}},"21":{"start":{"line":117,"column":8},"end":{"line":117,"column":5893}},"22":{"start":{"line":118,"column":12},"end":{"line":118,"column":96}},"23":{"start":{"line":119,"column":12},"end":{"line":119,"column":27}}},"branchMap":{"1":{"line":83,"type":"if","locations":[{"start":{"line":83,"column":8},"end":{"line":83,"column":8}},{"start":{"line":83,"column":8},"end":{"line":83,"column":8}}]},"2":{"line":117,"type":"if","locations":[{"start":{"line":117,"column":8},"end":{"line":117,"column":8}},{"start":{"line":117,"column":8},"end":{"line":117,"column":8}}]}}},
"contracts\\ERC20_Polygon.sol":{"l":{"14":6,"15":6,"16":6,"29":5,"30":5,"31":4,"32":3,"35":2,"36":2,"47":5,"48":5,"49":4,"50":3,"52":2,"53":2,"55":2,"63":3,"64":1,"65":1},"path":"E:\\Repos\\Universidad_ORT\\Programacion_de_Contratos_Inteligentes\\Obligatorio\\obligatorio-colli-gallicchio\\contracts\\ERC20_Polygon.sol","s":{"1":5,"2":5,"3":4,"4":3,"5":5,"6":5,"7":4,"8":3,"9":2,"10":3,"11":1,"12":1},"b":{"1":[1,2]},"f":{"1":6,"2":5,"3":5,"4":3},"fnMap":{"1":{"name":"constructor","line":12,"loc":{"start":{"line":12,"column":4},"end":{"line":17,"column":4}}},"2":{"name":"mint","line":27,"loc":{"start":{"line":27,"column":4},"end":{"line":37,"column":4}}},"3":{"name":"burn","line":45,"loc":{"start":{"line":45,"column":4},"end":{"line":56,"column":4}}},"4":{"name":"_isMaxSupply","line":62,"loc":{"start":{"line":62,"column":4},"end":{"line":67,"column":4}}}},"statementMap":{"1":{"start":{"line":29,"column":8},"end":{"line":29,"column":42}},"2":{"start":{"line":30,"column":8},"end":{"line":30,"column":60}},"3":{"start":{"line":31,"column":8},"end":{"line":31,"column":64}},"4":{"start":{"line":32,"column":8},"end":{"line":32,"column":47}},"5":{"start":{"line":47,"column":8},"end":{"line":47,"column":42}},"6":{"start":{"line":48,"column":8},"end":{"line":48,"column":50}},"7":{"start":{"line":49,"column":8},"end":{"line":49,"column":51}},"8":{"start":{"line":50,"column":8},"end":{"line":50,"column":56}},"9":{"start":{"line":55,"column":8},"end":{"line":55,"column":32}},"10":{"start":{"line":63,"column":8},"end":{"line":63,"column":2878}},"11":{"start":{"line":64,"column":12},"end":{"line":64,"column":110}},"12":{"start":{"line":65,"column":12},"end":{"line":65,"column":27}}},"branchMap":{"1":{"line":63,"type":"if","locations":[{"start":{"line":63,"column":8},"end":{"line":63,"column":8}},{"start":{"line":63,"column":8},"end":{"line":63,"column":8}}]}}},
"contracts\\Exchange.sol":{"l":{"29":20,"30":19,"31":1,"33":18,"34":1,"36":17,"37":1,"39":16,"40":1,"43":15,"44":15,"45":15,"46":1,"49":14,"52":14,"53":14,"54":14,"55":14,"56":14,"57":14,"62":2,"63":2,"64":2,"66":2,"71":2,"72":2,"74":2,"75":2,"81":3,"82":3,"83":3,"84":3,"90":3,"91":3,"93":3,"95":3,"101":2,"102":2,"103":2,"105":2,"109":3,"110":1,"113":2,"115":2,"117":2,"118":2,"119":2,"121":1,"124":1,"126":1,"128":1,"134":4,"136":1,"138":3,"139":3,"141":3,"142":3,"143":2,"147":1,"149":3,"150":3,"152":0,"154":3,"155":3,"157":2,"161":3,"163":1,"165":2,"167":2,"172":4,"173":3,"174":3,"175":2,"181":3,"182":2,"183":2,"184":2,"185":2,"187":1,"190":1,"195":6,"196":1,"198":5,"199":1,"201":4,"203":3,"204":3,"206":1,"209":2,"210":2,"212":1,"215":1,"216":1,"225":26,"229":13,"230":3,"235":20,"236":1,"237":1,"242":41,"243":41,"244":41,"245":41,"250":21,"251":21,"253":1,"259":27,"261":27,"265":20,"269":51,"273":2},"path":"E:\\Repos\\Universidad_ORT\\Programacion_de_Contratos_Inteligentes\\Obligatorio\\obligatorio-colli-gallicchio\\contracts\\Exchange.sol","s":{"1":20,"2":19,"3":1,"4":18,"5":1,"6":17,"7":1,"8":16,"9":1,"10":15,"11":15,"12":15,"13":1,"14":14,"15":2,"16":2,"17":2,"18":2,"19":2,"20":2,"21":2,"22":2,"23":3,"24":3,"25":3,"26":3,"27":3,"28":3,"29":3,"30":3,"31":2,"32":2,"33":2,"34":2,"35":3,"36":1,"37":2,"38":2,"39":2,"40":1,"41":1,"42":1,"43":1,"44":4,"45":1,"46":3,"47":3,"48":3,"49":3,"50":3,"51":0,"52":3,"53":2,"54":3,"55":1,"56":2,"57":4,"58":3,"59":3,"60":2,"61":3,"62":2,"63":2,"64":2,"65":1,"66":1,"67":6,"68":1,"69":5,"70":1,"71":4,"72":3,"73":3,"74":1,"75":2,"76":2,"77":1,"78":26,"79":13,"80":3,"81":20,"82":1,"83":1,"84":41,"85":41,"86":41,"87":21,"88":21,"89":1,"90":27,"91":27,"92":20,"93":51,"94":2},"b":{"1":[1,18],"2":[1,17],"3":[1,16],"4":[1,15],"5":[1,14],"6":[1,2],"7":[1,1],"8":[1,0],"9":[1,3],"10":[2,1],"11":[0,3],"12":[1,2],"13":[1,1],"14":[1,5],"15":[1,4],"16":[1,2],"17":[1,1],"18":[3,10],"19":[1,19],"20":[1,20]},"f":{"1":20,"2":2,"3":2,"4":3,"5":3,"6":2,"7":3,"8":4,"9":3,"10":4,"11":3,"12":6,"13":26,"14":13,"15":20,"16":41,"17":21,"18":27,"19":20,"20":51,"21":2},"fnMap":{"1":{"name":"constructor","line":26,"loc":{"start":{"line":26,"column":4},"end":{"line":58,"column":4}}},"2":{"name":"getExchangeRate","line":60,"loc":{"start":{"line":60,"column":4},"end":{"line":67,"column":4}}},"3":{"name":"calculateEtherAmount","line":69,"loc":{"start":{"line":69,"column":4},"end":{"line":76,"column":4}}},"4":{"name":"calculateTokensPerEthers","line":78,"loc":{"start":{"line":78,"column":4},"end":{"line":85,"column":4}}},"5":{"name":"calculateEthersToSellTokens","line":87,"loc":{"start":{"line":87,"column":5},"end":{"line":96,"column":4}}},"6":{"name":"calculateEthersToBuyTokens","line":98,"loc":{"start":{"line":98,"column":4},"end":{"line":106,"column":4}}},"7":{"name":"buyToken","line":108,"loc":{"start":{"line":108,"column":4},"end":{"line":130,"column":4}}},"8":{"name":"buyEther","line":132,"loc":{"start":{"line":132,"column":4},"end":{"line":158,"column":4}}},"9":{"name":"setFeePercentage","line":160,"loc":{"start":{"line":160,"column":4},"end":{"line":168,"column":4}}},"10":{"name":"deposit","line":170,"loc":{"start":{"line":170,"column":4},"end":{"line":177,"column":4}}},"11":{"name":"withdrawFeesAmount","line":179,"loc":{"start":{"line":179,"column":4},"end":{"line":191,"column":4}}},"12":{"name":"setTokenVault","line":193,"loc":{"start":{"line":193,"column":4},"end":{"line":217,"column":4}}},"13":{"name":"_getUnitDecimals","line":223,"loc":{"start":{"line":223,"column":4},"end":{"line":226,"column":4}}},"14":{"name":"_isOwnerProtocol","line":228,"loc":{"start":{"line":228,"column":4},"end":{"line":232,"column":5}}},"15":{"name":"_isZeroAddress","line":234,"loc":{"start":{"line":234,"column":4},"end":{"line":239,"column":4}}},"16":{"name":"_isSmartContractAddress","line":241,"loc":{"start":{"line":241,"column":5},"end":{"line":246,"column":5}}},"17":{"name":"_isInsuffientBalance","line":248,"loc":{"start":{"line":248,"column":4},"end":{"line":255,"column":4}}},"18":{"name":"_convertValueWithDecimals","line":257,"loc":{"start":{"line":257,"column":4},"end":{"line":262,"column":4}}},"19":{"name":"transferFromTokenContract","line":264,"loc":{"start":{"line":264,"column":4},"end":{"line":266,"column":4}}},"20":{"name":"balanceOfTokenContract","line":268,"loc":{"start":{"line":268,"column":4},"end":{"line":270,"column":4}}},"21":{"name":"allowanceTokenContract","line":272,"loc":{"start":{"line":272,"column":5},"end":{"line":274,"column":4}}}},"statementMap":{"1":{"start":{"line":29,"column":8},"end":{"line":29,"column":49}},"2":{"start":{"line":30,"column":8},"end":{"line":30,"column":1161}},"3":{"start":{"line":31,"column":12},"end":{"line":31,"column":53}},"4":{"start":{"line":33,"column":8},"end":{"line":33,"column":1289}},"5":{"start":{"line":34,"column":12},"end":{"line":34,"column":58}},"6":{"start":{"line":36,"column":8},"end":{"line":36,"column":1407}},"7":{"start":{"line":37,"column":12},"end":{"line":37,"column":53}},"8":{"start":{"line":39,"column":8},"end":{"line":39,"column":1539}},"9":{"start":{"line":40,"column":12},"end":{"line":40,"column":47}},"10":{"start":{"line":43,"column":8},"end":{"line":43,"column":68}},"11":{"start":{"line":44,"column":8},"end":{"line":44,"column":86}},"12":{"start":{"line":45,"column":8},"end":{"line":45,"column":1806}},"13":{"start":{"line":46,"column":12},"end":{"line":46,"column":53}},"14":{"start":{"line":49,"column":8},"end":{"line":49,"column":87}},"15":{"start":{"line":62,"column":8},"end":{"line":62,"column":91}},"16":{"start":{"line":63,"column":8},"end":{"line":63,"column":57}},"17":{"start":{"line":64,"column":8},"end":{"line":64,"column":137}},"18":{"start":{"line":66,"column":8},"end":{"line":66,"column":21}},"19":{"start":{"line":71,"column":8},"end":{"line":71,"column":91}},"20":{"start":{"line":72,"column":8},"end":{"line":72,"column":57}},"21":{"start":{"line":74,"column":8},"end":{"line":74,"column":143}},"22":{"start":{"line":75,"column":8},"end":{"line":75,"column":21}},"23":{"start":{"line":81,"column":8},"end":{"line":81,"column":91}},"24":{"start":{"line":82,"column":8},"end":{"line":82,"column":57}},"25":{"start":{"line":83,"column":8},"end":{"line":83,"column":125}},"26":{"start":{"line":84,"column":8},"end":{"line":84,"column":21}},"27":{"start":{"line":90,"column":8},"end":{"line":90,"column":91}},"28":{"start":{"line":91,"column":8},"end":{"line":91,"column":57}},"29":{"start":{"line":93,"column":8},"end":{"line":93,"column":144}},"30":{"start":{"line":95,"column":8},"end":{"line":95,"column":21}},"31":{"start":{"line":101,"column":8},"end":{"line":101,"column":91}},"32":{"start":{"line":102,"column":8},"end":{"line":102,"column":57}},"33":{"start":{"line":103,"column":8},"end":{"line":103,"column":165}},"34":{"start":{"line":105,"column":8},"end":{"line":105,"column":21}},"35":{"start":{"line":109,"column":8},"end":{"line":109,"column":4615}},"36":{"start":{"line":110,"column":11},"end":{"line":110,"column":46}},"37":{"start":{"line":113,"column":8},"end":{"line":113,"column":96}},"38":{"start":{"line":115,"column":8},"end":{"line":115,"column":78}},"39":{"start":{"line":119,"column":8},"end":{"line":119,"column":5006}},"40":{"start":{"line":121,"column":13},"end":{"line":121,"column":41}},"41":{"start":{"line":124,"column":8},"end":{"line":124,"column":90}},"42":{"start":{"line":126,"column":8},"end":{"line":126,"column":5218}},"43":{"start":{"line":128,"column":12},"end":{"line":128,"column":73}},"44":{"start":{"line":134,"column":8},"end":{"line":134,"column":5445}},"45":{"start":{"line":136,"column":11},"end":{"line":136,"column":50}},"46":{"start":{"line":138,"column":9},"end":{"line":138,"column":77}},"47":{"start":{"line":139,"column":8},"end":{"line":139,"column":86}},"48":{"start":{"line":141,"column":8},"end":{"line":141,"column":27}},"49":{"start":{"line":142,"column":8},"end":{"line":142,"column":5765}},"50":{"start":{"line":150,"column":8},"end":{"line":150,"column":6068}},"51":{"start":{"line":152,"column":12},"end":{"line":152,"column":41}},"52":{"start":{"line":155,"column":8},"end":{"line":155,"column":94}},"53":{"start":{"line":157,"column":8},"end":{"line":157,"column":53}},"54":{"start":{"line":161,"column":9},"end":{"line":161,"column":6487}},"55":{"start":{"line":163,"column":11},"end":{"line":163,"column":48}},"56":{"start":{"line":165,"column":9},"end":{"line":165,"column":36}},"57":{"start":{"line":172,"column":9},"end":{"line":172,"column":36}},"58":{"start":{"line":173,"column":9},"end":{"line":173,"column":62}},"59":{"start":{"line":174,"column":8},"end":{"line":174,"column":72}},"60":{"start":{"line":175,"column":9},"end":{"line":175,"column":90}},"61":{"start":{"line":181,"column":8},"end":{"line":181,"column":35}},"62":{"start":{"line":182,"column":8},"end":{"line":182,"column":38}},"63":{"start":{"line":184,"column":8},"end":{"line":184,"column":49}},"64":{"start":{"line":185,"column":8},"end":{"line":185,"column":7236}},"65":{"start":{"line":187,"column":13},"end":{"line":187,"column":49}},"66":{"start":{"line":190,"column":8},"end":{"line":190,"column":43}},"67":{"start":{"line":195,"column":9},"end":{"line":195,"column":7469}},"68":{"start":{"line":196,"column":11},"end":{"line":196,"column":47}},"69":{"start":{"line":198,"column":8},"end":{"line":198,"column":7573}},"70":{"start":{"line":199,"column":12},"end":{"line":199,"column":53}},"71":{"start":{"line":201,"column":8},"end":{"line":201,"column":35}},"72":{"start":{"line":203,"column":8},"end":{"line":203,"column":86}},"73":{"start":{"line":204,"column":8},"end":{"line":204,"column":7831}},"74":{"start":{"line":206,"column":12},"end":{"line":206,"column":47}},"75":{"start":{"line":209,"column":8},"end":{"line":209,"column":90}},"76":{"start":{"line":210,"column":8},"end":{"line":210,"column":8035}},"77":{"start":{"line":212,"column":12},"end":{"line":212,"column":47}},"78":{"start":{"line":225,"column":8},"end":{"line":225,"column":43}},"79":{"start":{"line":229,"column":9},"end":{"line":229,"column":8804}},"80":{"start":{"line":230,"column":13},"end":{"line":230,"column":36}},"81":{"start":{"line":235,"column":9},"end":{"line":235,"column":9005}},"82":{"start":{"line":236,"column":13},"end":{"line":236,"column":87}},"83":{"start":{"line":237,"column":12},"end":{"line":237,"column":27}},"84":{"start":{"line":242,"column":9},"end":{"line":242,"column":101}},"85":{"start":{"line":243,"column":9},"end":{"line":243,"column":25}},"86":{"start":{"line":245,"column":9},"end":{"line":245,"column":64}},"87":{"start":{"line":250,"column":8},"end":{"line":250,"column":85}},"88":{"start":{"line":251,"column":8},"end":{"line":251,"column":9761}},"89":{"start":{"line":253,"column":13},"end":{"line":253,"column":42}},"90":{"start":{"line":259,"column":8},"end":{"line":259,"column":54}},"91":{"start":{"line":261,"column":8},"end":{"line":261,"column":21}},"92":{"start":{"line":265,"column":12},"end":{"line":265,"column":73}},"93":{"start":{"line":269,"column":12},"end":{"line":269,"column":66}},"94":{"start":{"line":273,"column":12},"end":{"line":273,"column":77}}},"branchMap":{"1":{"line":30,"type":"if","locations":[{"start":{"line":30,"column":8},"end":{"line":30,"column":8}},{"start":{"line":30,"column":8},"end":{"line":30,"column":8}}]},"2":{"line":33,"type":"if","locations":[{"start":{"line":33,"column":8},"end":{"line":33,"column":8}},{"start":{"line":33,"column":8},"end":{"line":33,"column":8}}]},"3":{"line":36,"type":"if","locations":[{"start":{"line":36,"column":8},"end":{"line":36,"column":8}},{"start":{"line":36,"column":8},"end":{"line":36,"column":8}}]},"4":{"line":39,"type":"if","locations":[{"start":{"line":39,"column":8},"end":{"line":39,"column":8}},{"start":{"line":39,"column":8},"end":{"line":39,"column":8}}]},"5":{"line":45,"type":"if","locations":[{"start":{"line":45,"column":8},"end":{"line":45,"column":8}},{"start":{"line":45,"column":8},"end":{"line":45,"column":8}}]},"6":{"line":109,"type":"if","locations":[{"start":{"line":109,"column":8},"end":{"line":109,"column":8}},{"start":{"line":109,"column":8},"end":{"line":109,"column":8}}]},"7":{"line":119,"type":"if","locations":[{"start":{"line":119,"column":8},"end":{"line":119,"column":8}},{"start":{"line":119,"column":8},"end":{"line":119,"column":8}}]},"8":{"line":126,"type":"if","locations":[{"start":{"line":126,"column":8},"end":{"line":126,"column":8}},{"start":{"line":126,"column":8},"end":{"line":126,"column":8}}]},"9":{"line":134,"type":"if","locations":[{"start":{"line":134,"column":8},"end":{"line":134,"column":8}},{"start":{"line":134,"column":8},"end":{"line":134,"column":8}}]},"10":{"line":142,"type":"if","locations":[{"start":{"line":142,"column":8},"end":{"line":142,"column":8}},{"start":{"line":142,"column":8},"end":{"line":142,"column":8}}]},"11":{"line":150,"type":"if","locations":[{"start":{"line":150,"column":8},"end":{"line":150,"column":8}},{"start":{"line":150,"column":8},"end":{"line":150,"column":8}}]},"12":{"line":161,"type":"if","locations":[{"start":{"line":161,"column":9},"end":{"line":161,"column":9}},{"start":{"line":161,"column":9},"end":{"line":161,"column":9}}]},"13":{"line":185,"type":"if","locations":[{"start":{"line":185,"column":8},"end":{"line":185,"column":8}},{"start":{"line":185,"column":8},"end":{"line":185,"column":8}}]},"14":{"line":195,"type":"if","locations":[{"start":{"line":195,"column":9},"end":{"line":195,"column":9}},{"start":{"line":195,"column":9},"end":{"line":195,"column":9}}]},"15":{"line":198,"type":"if","locations":[{"start":{"line":198,"column":8},"end":{"line":198,"column":8}},{"start":{"line":198,"column":8},"end":{"line":198,"column":8}}]},"16":{"line":204,"type":"if","locations":[{"start":{"line":204,"column":8},"end":{"line":204,"column":8}},{"start":{"line":204,"column":8},"end":{"line":204,"column":8}}]},"17":{"line":210,"type":"if","locations":[{"start":{"line":210,"column":8},"end":{"line":210,"column":8}},{"start":{"line":210,"column":8},"end":{"line":210,"column":8}}]},"18":{"line":229,"type":"if","locations":[{"start":{"line":229,"column":9},"end":{"line":229,"column":9}},{"start":{"line":229,"column":9},"end":{"line":229,"column":9}}]},"19":{"line":235,"type":"if","locations":[{"start":{"line":235,"column":9},"end":{"line":235,"column":9}},{"start":{"line":235,"column":9},"end":{"line":235,"column":9}}]},"20":{"line":251,"type":"if","locations":[{"start":{"line":251,"column":8},"end":{"line":251,"column":8}},{"start":{"line":251,"column":8},"end":{"line":251,"column":8}}]}}},
"contracts\\interfaces\\ITokenContract.sol":{"l":{},"path":"E:\\Repos\\Universidad_ORT\\Programacion_de_Contratos_Inteligentes\\Obligatorio\\obligatorio-colli-gallicchio\\contracts\\interfaces\\ITokenContract.sol","s":{},"b":{},"f":{},"fnMap":{},"statementMap":{},"branchMap":{}},
"contracts\\interfaces\\ITokenContractPolygon.sol":{"l":{},"path":"E:\\Repos\\Universidad_ORT\\Programacion_de_Contratos_Inteligentes\\Obligatorio\\obligatorio-colli-gallicchio\\contracts\\interfaces\\ITokenContractPolygon.sol","s":{},"b":{},"f":{},"fnMap":{},"statementMap":{},"branchMap":{}},
"contracts\\TokenAbstract.sol":{"l":{"30":19,"31":19,"32":17,"34":15,"35":15,"36":15,"37":15,"38":15,"42":2,"47":2,"52":1,"57":7,"62":11,"70":26,"74":36,"75":4,"76":4,"81":15,"82":2,"83":2,"88":32,"89":2,"90":2,"95":93,"96":6,"97":6,"102":37,"103":2,"104":2,"109":49,"110":4,"111":4},"path":"E:\\Repos\\Universidad_ORT\\Programacion_de_Contratos_Inteligentes\\Obligatorio\\obligatorio-colli-gallicchio\\contracts\\TokenAbstract.sol","s":{"1":19,"2":19,"3":17,"4":2,"5":2,"6":1,"7":7,"8":11,"9":26,"10":36,"11":4,"12":4,"13":15,"14":2,"15":2,"16":32,"17":2,"18":2,"19":93,"20":6,"21":6,"22":37,"23":2,"24":2,"25":49,"26":4,"27":4},"b":{"1":[4,32],"2":[2,13],"3":[2,30],"4":[6,87],"5":[2,35],"6":[4,45]},"f":{"1":19,"2":2,"3":2,"4":1,"5":7,"6":11,"7":26,"8":36,"9":15,"10":32,"11":93,"12":37,"13":49},"fnMap":{"1":{"name":"constructor","line":27,"loc":{"start":{"line":27,"column":4},"end":{"line":39,"column":4}}},"2":{"name":"name","line":41,"loc":{"start":{"line":41,"column":4},"end":{"line":43,"column":4}}},"3":{"name":"symbol","line":45,"loc":{"start":{"line":45,"column":5},"end":{"line":48,"column":4}}},"4":{"name":"decimals","line":50,"loc":{"start":{"line":50,"column":4},"end":{"line":53,"column":4}}},"5":{"name":"totalSupply","line":55,"loc":{"start":{"line":55,"column":4},"end":{"line":58,"column":4}}},"6":{"name":"maxSupply","line":60,"loc":{"start":{"line":60,"column":4},"end":{"line":63,"column":4}}},"7":{"name":"_concatMessage","line":69,"loc":{"start":{"line":69,"column":4},"end":{"line":71,"column":4}}},"8":{"name":"_isEmptyString","line":73,"loc":{"start":{"line":73,"column":4},"end":{"line":78,"column":4}}},"9":{"name":"_isZeroValue","line":80,"loc":{"start":{"line":80,"column":4},"end":{"line":85,"column":4}}},"10":{"name":"_isZeroAmount","line":87,"loc":{"start":{"line":87,"column":4},"end":{"line":92,"column":4}}},"11":{"name":"_isZeroAddress","line":94,"loc":{"start":{"line":94,"column":4},"end":{"line":99,"column":4}}},"12":{"name":"_isValidRecipient","line":101,"loc":{"start":{"line":101,"column":4},"end":{"line":106,"column":4}}},"13":{"name":"_hasSufficientBalance","line":108,"loc":{"start":{"line":108,"column":5},"end":{"line":113,"column":4}}}},"statementMap":{"1":{"start":{"line":30,"column":8},"end":{"line":30,"column":49}},"2":{"start":{"line":31,"column":8},"end":{"line":31,"column":50}},"3":{"start":{"line":32,"column":8},"end":{"line":32,"column":54}},"4":{"start":{"line":42,"column":8},"end":{"line":42,"column":25}},"5":{"start":{"line":47,"column":8},"end":{"line":47,"column":27}},"6":{"start":{"line":52,"column":8},"end":{"line":52,"column":29}},"7":{"start":{"line":57,"column":8},"end":{"line":57,"column":32}},"8":{"start":{"line":62,"column":8},"end":{"line":62,"column":30}},"9":{"start":{"line":70,"column":8},"end":{"line":70,"column":67}},"10":{"start":{"line":74,"column":8},"end":{"line":74,"column":2506}},"11":{"start":{"line":75,"column":12},"end":{"line":75,"column":106}},"12":{"start":{"line":76,"column":12},"end":{"line":76,"column":27}},"13":{"start":{"line":81,"column":8},"end":{"line":81,"column":2832}},"14":{"start":{"line":82,"column":12},"end":{"line":82,"column":106}},"15":{"start":{"line":83,"column":12},"end":{"line":83,"column":27}},"16":{"start":{"line":88,"column":8},"end":{"line":88,"column":3145}},"17":{"start":{"line":89,"column":12},"end":{"line":89,"column":106}},"18":{"start":{"line":90,"column":12},"end":{"line":90,"column":27}},"19":{"start":{"line":95,"column":8},"end":{"line":95,"column":3461}},"20":{"start":{"line":96,"column":12},"end":{"line":96,"column":106}},"21":{"start":{"line":97,"column":12},"end":{"line":97,"column":27}},"22":{"start":{"line":102,"column":8},"end":{"line":102,"column":3783}},"23":{"start":{"line":103,"column":12},"end":{"line":103,"column":111}},"24":{"start":{"line":104,"column":12},"end":{"line":104,"column":27}},"25":{"start":{"line":109,"column":8},"end":{"line":109,"column":4111}},"26":{"start":{"line":110,"column":12},"end":{"line":110,"column":95}},"27":{"start":{"line":111,"column":12},"end":{"line":111,"column":27}}},"branchMap":{"1":{"line":74,"type":"if","locations":[{"start":{"line":74,"column":8},"end":{"line":74,"column":8}},{"start":{"line":74,"column":8},"end":{"line":74,"column":8}}]},"2":{"line":81,"type":"if","locations":[{"start":{"line":81,"column":8},"end":{"line":81,"column":8}},{"start":{"line":81,"column":8},"end":{"line":81,"column":8}}]},"3":{"line":88,"type":"if","locations":[{"start":{"line":88,"column":8},"end":{"line":88,"column":8}},{"start":{"line":88,"column":8},"end":{"line":88,"column":8}}]},"4":{"line":95,"type":"if","locations":[{"start":{"line":95,"column":8},"end":{"line":95,"column":8}},{"start":{"line":95,"column":8},"end":{"line":95,"column":8}}]},"5":{"line":102,"type":"if","locations":[{"start":{"line":102,"column":8},"end":{"line":102,"column":8}},{"start":{"line":102,"column":8},"end":{"line":102,"column":8}}]},"6":{"line":109,"type":"if","locations":[{"start":{"line":109,"column":8},"end":{"line":109,"column":8}},{"start":{"line":109,"column":8},"end":{"line":109,"column":8}}]}}}}
