{
"contracts\\Bridge_Ethereum.sol":{"l":{"24":4,"25":1,"29":3,"43":6,"44":1,"47":5,"49":4,"50":1,"53":3,"54":3,"55":1,"59":2,"62":2,"63":1,"81":8,"82":7,"84":5,"85":1,"87":4,"88":3,"89":1,"92":2,"93":1,"97":1,"100":1,"109":3,"114":2,"119":1},"path":"C:\\Users\\juanm\\OneDrive\\Documents\\ORT\\Blockchain 2\\Obligatorio\\obligatorio-colli-gallicchio\\contracts\\Bridge_Ethereum.sol","s":{"1":4,"2":1,"3":6,"4":1,"5":5,"6":4,"7":1,"8":3,"9":3,"10":1,"11":2,"12":1,"13":8,"14":7,"15":5,"16":1,"17":4,"18":3,"19":1,"20":2,"21":1,"22":1,"23":3,"24":2,"25":1},"b":{"1":[1,3],"2":[1,5],"3":[1,3],"4":[1,2],"5":[1,4],"6":[1,2],"7":[1,1]},"f":{"1":4,"2":6,"3":8,"4":3,"5":2,"6":1},"fnMap":{"1":{"name":"constructor","line":22,"loc":{"start":{"line":22,"column":4},"end":{"line":30,"column":4}}},"2":{"name":"transferToPolygon","line":40,"loc":{"start":{"line":40,"column":4},"end":{"line":65,"column":4}}},"3":{"name":"unStake","line":78,"loc":{"start":{"line":78,"column":4},"end":{"line":101,"column":4}}},"4":{"name":"balanceOfTokenContract","line":107,"loc":{"start":{"line":107,"column":4},"end":{"line":110,"column":4}}},"5":{"name":"transferFromTokenContract","line":112,"loc":{"start":{"line":112,"column":5},"end":{"line":115,"column":4}}},"6":{"name":"transferTokenContract","line":117,"loc":{"start":{"line":117,"column":4},"end":{"line":120,"column":4}}}},"statementMap":{"1":{"start":{"line":24,"column":8},"end":{"line":24,"column":821}},"2":{"start":{"line":25,"column":12},"end":{"line":25,"column":58}},"3":{"start":{"line":43,"column":8},"end":{"line":43,"column":1655}},"4":{"start":{"line":44,"column":12},"end":{"line":44,"column":59}},"5":{"start":{"line":47,"column":8},"end":{"line":47,"column":38}},"6":{"start":{"line":49,"column":8},"end":{"line":49,"column":1817}},"7":{"start":{"line":50,"column":12},"end":{"line":50,"column":35}},"8":{"start":{"line":53,"column":8},"end":{"line":53,"column":86}},"9":{"start":{"line":54,"column":8},"end":{"line":54,"column":2005}},"10":{"start":{"line":55,"column":12},"end":{"line":55,"column":41}},"11":{"start":{"line":62,"column":8},"end":{"line":62,"column":90}},"12":{"start":{"line":63,"column":8},"end":{"line":63,"column":56}},"13":{"start":{"line":81,"column":8},"end":{"line":81,"column":39}},"14":{"start":{"line":82,"column":8},"end":{"line":82,"column":35}},"15":{"start":{"line":84,"column":8},"end":{"line":84,"column":3352}},"16":{"start":{"line":85,"column":12},"end":{"line":85,"column":51}},"17":{"start":{"line":87,"column":8},"end":{"line":87,"column":49}},"18":{"start":{"line":88,"column":8},"end":{"line":88,"column":3513}},"19":{"start":{"line":89,"column":12},"end":{"line":89,"column":48}},"20":{"start":{"line":92,"column":8},"end":{"line":92,"column":3619}},"21":{"start":{"line":93,"column":12},"end":{"line":93,"column":54}},"22":{"start":{"line":100,"column":8},"end":{"line":100,"column":67}},"23":{"start":{"line":109,"column":12},"end":{"line":109,"column":67}},"24":{"start":{"line":114,"column":12},"end":{"line":114,"column":74}},"25":{"start":{"line":119,"column":12},"end":{"line":119,"column":63}}},"branchMap":{"1":{"line":24,"type":"if","locations":[{"start":{"line":24,"column":8},"end":{"line":24,"column":8}},{"start":{"line":24,"column":8},"end":{"line":24,"column":8}}]},"2":{"line":43,"type":"if","locations":[{"start":{"line":43,"column":8},"end":{"line":43,"column":8}},{"start":{"line":43,"column":8},"end":{"line":43,"column":8}}]},"3":{"line":49,"type":"if","locations":[{"start":{"line":49,"column":8},"end":{"line":49,"column":8}},{"start":{"line":49,"column":8},"end":{"line":49,"column":8}}]},"4":{"line":54,"type":"if","locations":[{"start":{"line":54,"column":8},"end":{"line":54,"column":8}},{"start":{"line":54,"column":8},"end":{"line":54,"column":8}}]},"5":{"line":84,"type":"if","locations":[{"start":{"line":84,"column":8},"end":{"line":84,"column":8}},{"start":{"line":84,"column":8},"end":{"line":84,"column":8}}]},"6":{"line":88,"type":"if","locations":[{"start":{"line":88,"column":8},"end":{"line":88,"column":8}},{"start":{"line":88,"column":8},"end":{"line":88,"column":8}}]},"7":{"line":92,"type":"if","locations":[{"start":{"line":92,"column":8},"end":{"line":92,"column":8}},{"start":{"line":92,"column":8},"end":{"line":92,"column":8}}]}}},
"contracts\\Bridge_Polygon.sol":{"l":{"27":5,"28":1,"30":4,"31":1,"35":3,"51":6,"52":5,"53":1,"55":4,"56":3,"57":2,"60":1,"61":1,"73":4,"75":3,"76":3,"77":1,"80":2,"81":1,"82":1,"91":4,"92":4,"93":4,"94":4,"99":1,"104":3,"109":1,"114":2},"path":"C:\\Users\\juanm\\OneDrive\\Documents\\ORT\\Blockchain 2\\Obligatorio\\obligatorio-colli-gallicchio\\contracts\\Bridge_Polygon.sol","s":{"1":5,"2":1,"3":4,"4":1,"5":6,"6":5,"7":1,"8":4,"9":3,"10":2,"11":1,"12":1,"13":4,"14":3,"15":3,"16":1,"17":2,"18":1,"19":1,"20":4,"21":4,"22":4,"23":1,"24":3,"25":1,"26":2},"b":{"1":[1,4],"2":[1,3],"3":[1,4],"4":[1,2]},"f":{"1":5,"2":6,"3":4,"4":4,"5":1,"6":3,"7":1,"8":2},"fnMap":{"1":{"name":"constructor","line":25,"loc":{"start":{"line":25,"column":4},"end":{"line":36,"column":4}}},"2":{"name":"mintTo","line":48,"loc":{"start":{"line":48,"column":4},"end":{"line":62,"column":4}}},"3":{"name":"transferToEthereum","line":70,"loc":{"start":{"line":70,"column":4},"end":{"line":83,"column":4}}},"4":{"name":"_isSmartContractAddress","line":89,"loc":{"start":{"line":89,"column":4},"end":{"line":95,"column":5}}},"5":{"name":"mintTokenContract","line":97,"loc":{"start":{"line":97,"column":5},"end":{"line":100,"column":4}}},"6":{"name":"balanceOfTokenContract","line":102,"loc":{"start":{"line":102,"column":5},"end":{"line":105,"column":4}}},"7":{"name":"burnTokenContract","line":107,"loc":{"start":{"line":107,"column":4},"end":{"line":110,"column":4}}},"8":{"name":"transferFromTokenContract","line":112,"loc":{"start":{"line":112,"column":4},"end":{"line":115,"column":4}}}},"statementMap":{"1":{"start":{"line":27,"column":9},"end":{"line":27,"column":1071}},"2":{"start":{"line":28,"column":12},"end":{"line":28,"column":51}},"3":{"start":{"line":30,"column":8},"end":{"line":30,"column":1180}},"4":{"start":{"line":31,"column":12},"end":{"line":31,"column":53}},"5":{"start":{"line":51,"column":9},"end":{"line":51,"column":36}},"6":{"start":{"line":52,"column":8},"end":{"line":52,"column":2166}},"7":{"start":{"line":53,"column":12},"end":{"line":53,"column":48}},"8":{"start":{"line":55,"column":9},"end":{"line":55,"column":34}},"9":{"start":{"line":56,"column":8},"end":{"line":56,"column":49}},"10":{"start":{"line":57,"column":9},"end":{"line":57,"column":39}},"11":{"start":{"line":60,"column":8},"end":{"line":60,"column":60}},"12":{"start":{"line":61,"column":8},"end":{"line":61,"column":41}},"13":{"start":{"line":73,"column":8},"end":{"line":73,"column":49}},"14":{"start":{"line":75,"column":8},"end":{"line":75,"column":90}},"15":{"start":{"line":76,"column":8},"end":{"line":76,"column":3178}},"16":{"start":{"line":77,"column":12},"end":{"line":77,"column":54}},"17":{"start":{"line":80,"column":8},"end":{"line":80,"column":90}},"18":{"start":{"line":81,"column":8},"end":{"line":81,"column":55}},"19":{"start":{"line":82,"column":8},"end":{"line":82,"column":57}},"20":{"start":{"line":91,"column":9},"end":{"line":91,"column":101}},"21":{"start":{"line":92,"column":9},"end":{"line":92,"column":25}},"22":{"start":{"line":94,"column":9},"end":{"line":94,"column":64}},"23":{"start":{"line":99,"column":8},"end":{"line":99,"column":67}},"24":{"start":{"line":104,"column":12},"end":{"line":104,"column":72}},"25":{"start":{"line":109,"column":8},"end":{"line":109,"column":62}},"26":{"start":{"line":114,"column":12},"end":{"line":114,"column":79}}},"branchMap":{"1":{"line":27,"type":"if","locations":[{"start":{"line":27,"column":9},"end":{"line":27,"column":9}},{"start":{"line":27,"column":9},"end":{"line":27,"column":9}}]},"2":{"line":30,"type":"if","locations":[{"start":{"line":30,"column":8},"end":{"line":30,"column":8}},{"start":{"line":30,"column":8},"end":{"line":30,"column":8}}]},"3":{"line":52,"type":"if","locations":[{"start":{"line":52,"column":8},"end":{"line":52,"column":8}},{"start":{"line":52,"column":8},"end":{"line":52,"column":8}}]},"4":{"line":76,"type":"if","locations":[{"start":{"line":76,"column":8},"end":{"line":76,"column":8}},{"start":{"line":76,"column":8},"end":{"line":76,"column":8}}]}}},
"contracts\\BridgeAbstract.sol":{"l":{"17":9,"21":1,"25":20,"36":7,"37":6,"38":1,"40":5,"41":4,"51":4,"52":1,"54":3,"55":2,"63":19,"64":3,"65":3,"70":5,"71":1,"76":3,"77":1,"82":13,"83":3,"88":11,"89":3,"90":3,"96":7,"97":7,"99":2,"104":7},"path":"C:\\Users\\juanm\\OneDrive\\Documents\\ORT\\Blockchain 2\\Obligatorio\\obligatorio-colli-gallicchio\\contracts\\BridgeAbstract.sol","s":{"1":1,"2":20,"3":7,"4":6,"5":1,"6":5,"7":4,"8":1,"9":3,"10":19,"11":3,"12":3,"13":5,"14":1,"15":3,"16":1,"17":13,"18":3,"19":11,"20":3,"21":3,"22":7,"23":7,"24":2,"25":7},"b":{"1":[1,5],"2":[1,3],"3":[3,16],"4":[1,4],"5":[1,2],"6":[3,10],"7":[3,8],"8":[2,5]},"f":{"1":9,"2":1,"3":20,"4":7,"5":4,"6":19,"7":5,"8":3,"9":13,"10":11,"11":7,"12":7},"fnMap":{"1":{"name":"constructor","line":15,"loc":{"start":{"line":15,"column":4},"end":{"line":18,"column":4}}},"2":{"name":"owner","line":20,"loc":{"start":{"line":20,"column":4},"end":{"line":22,"column":4}}},"3":{"name":"erc20Contract","line":24,"loc":{"start":{"line":24,"column":4},"end":{"line":26,"column":4}}},"4":{"name":"addAddressToBlackList","line":35,"loc":{"start":{"line":35,"column":4},"end":{"line":42,"column":4}}},"5":{"name":"removeAddressFromBlackList","line":50,"loc":{"start":{"line":50,"column":4},"end":{"line":56,"column":4}}},"6":{"name":"_isZeroAddress","line":62,"loc":{"start":{"line":62,"column":4},"end":{"line":67,"column":4}}},"7":{"name":"_isBlacklistAddress","line":69,"loc":{"start":{"line":69,"column":4},"end":{"line":73,"column":4}}},"8":{"name":"_isNotBlacklistAddress","line":75,"loc":{"start":{"line":75,"column":4},"end":{"line":79,"column":4}}},"9":{"name":"_isOwnerProtocol","line":81,"loc":{"start":{"line":81,"column":4},"end":{"line":85,"column":4}}},"10":{"name":"_isZeroValue","line":87,"loc":{"start":{"line":87,"column":4},"end":{"line":92,"column":4}}},"11":{"name":"_exceedsMaxSupply","line":94,"loc":{"start":{"line":94,"column":4},"end":{"line":101,"column":4}}},"12":{"name":"maxSupplyTokenContract","line":103,"loc":{"start":{"line":103,"column":4},"end":{"line":105,"column":4}}}},"statementMap":{"1":{"start":{"line":21,"column":8},"end":{"line":21,"column":21}},"2":{"start":{"line":25,"column":8},"end":{"line":25,"column":29}},"3":{"start":{"line":36,"column":8},"end":{"line":36,"column":57}},"4":{"start":{"line":37,"column":8},"end":{"line":37,"column":1187}},"5":{"start":{"line":38,"column":12},"end":{"line":38,"column":52}},"6":{"start":{"line":40,"column":8},"end":{"line":40,"column":43}},"7":{"start":{"line":51,"column":8},"end":{"line":51,"column":1811}},"8":{"start":{"line":52,"column":12},"end":{"line":52,"column":52}},"9":{"start":{"line":54,"column":8},"end":{"line":54,"column":46}},"10":{"start":{"line":63,"column":8},"end":{"line":63,"column":2462}},"11":{"start":{"line":64,"column":12},"end":{"line":64,"column":94}},"12":{"start":{"line":65,"column":12},"end":{"line":65,"column":27}},"13":{"start":{"line":70,"column":8},"end":{"line":70,"column":2725}},"14":{"start":{"line":71,"column":12},"end":{"line":71,"column":48}},"15":{"start":{"line":76,"column":8},"end":{"line":76,"column":2920}},"16":{"start":{"line":77,"column":12},"end":{"line":77,"column":38}},"17":{"start":{"line":82,"column":8},"end":{"line":82,"column":3108}},"18":{"start":{"line":83,"column":12},"end":{"line":83,"column":35}},"19":{"start":{"line":88,"column":8},"end":{"line":88,"column":3299}},"20":{"start":{"line":89,"column":12},"end":{"line":89,"column":97}},"21":{"start":{"line":90,"column":12},"end":{"line":90,"column":27}},"22":{"start":{"line":96,"column":8},"end":{"line":96,"column":69}},"23":{"start":{"line":97,"column":8},"end":{"line":97,"column":3634}},"24":{"start":{"line":99,"column":12},"end":{"line":99,"column":52}},"25":{"start":{"line":104,"column":12},"end":{"line":104,"column":62}}},"branchMap":{"1":{"line":37,"type":"if","locations":[{"start":{"line":37,"column":8},"end":{"line":37,"column":8}},{"start":{"line":37,"column":8},"end":{"line":37,"column":8}}]},"2":{"line":51,"type":"if","locations":[{"start":{"line":51,"column":8},"end":{"line":51,"column":8}},{"start":{"line":51,"column":8},"end":{"line":51,"column":8}}]},"3":{"line":63,"type":"if","locations":[{"start":{"line":63,"column":8},"end":{"line":63,"column":8}},{"start":{"line":63,"column":8},"end":{"line":63,"column":8}}]},"4":{"line":70,"type":"if","locations":[{"start":{"line":70,"column":8},"end":{"line":70,"column":8}},{"start":{"line":70,"column":8},"end":{"line":70,"column":8}}]},"5":{"line":76,"type":"if","locations":[{"start":{"line":76,"column":8},"end":{"line":76,"column":8}},{"start":{"line":76,"column":8},"end":{"line":76,"column":8}}]},"6":{"line":82,"type":"if","locations":[{"start":{"line":82,"column":8},"end":{"line":82,"column":8}},{"start":{"line":82,"column":8},"end":{"line":82,"column":8}}]},"7":{"line":88,"type":"if","locations":[{"start":{"line":88,"column":8},"end":{"line":88,"column":8}},{"start":{"line":88,"column":8},"end":{"line":88,"column":8}}]},"8":{"line":97,"type":"if","locations":[{"start":{"line":97,"column":8},"end":{"line":97,"column":8}},{"start":{"line":97,"column":8},"end":{"line":97,"column":8}}]}}},
"contracts\\ERC20_Ethereum.sol":{"l":{"12":9,"13":9,"14":9,"33":12,"34":12,"35":11,"36":10,"37":9,"40":8,"41":8,"42":8},"path":"C:\\Users\\juanm\\OneDrive\\Documents\\ORT\\Blockchain 2\\Obligatorio\\obligatorio-colli-gallicchio\\contracts\\ERC20_Ethereum.sol","s":{"1":12,"2":12,"3":11,"4":10,"5":9,"6":8},"b":{},"f":{"1":9,"2":12},"fnMap":{"1":{"name":"constructor","line":9,"loc":{"start":{"line":9,"column":4},"end":{"line":15,"column":4}}},"2":{"name":"transfer","line":30,"loc":{"start":{"line":30,"column":4},"end":{"line":43,"column":4}}}},"statementMap":{"1":{"start":{"line":33,"column":8},"end":{"line":33,"column":46}},"2":{"start":{"line":34,"column":8},"end":{"line":34,"column":46}},"3":{"start":{"line":35,"column":8},"end":{"line":35,"column":50}},"4":{"start":{"line":36,"column":8},"end":{"line":36,"column":54}},"5":{"start":{"line":37,"column":8},"end":{"line":37,"column":61}},"6":{"start":{"line":42,"column":8},"end":{"line":42,"column":46}}},"branchMap":{}},
"contracts\\ERC20_Polygon.sol":{"l":{"15":6,"16":6,"17":6,"30":5,"31":5,"32":4,"33":3,"36":2,"37":2,"48":2,"49":2,"50":2,"51":1,"54":1,"55":1,"57":1,"65":3,"66":1,"67":1},"path":"C:\\Users\\juanm\\OneDrive\\Documents\\ORT\\Blockchain 2\\Obligatorio\\obligatorio-colli-gallicchio\\contracts\\ERC20_Polygon.sol","s":{"1":5,"2":5,"3":4,"4":3,"5":2,"6":2,"7":2,"8":1,"9":1,"10":3,"11":1,"12":1},"b":{"1":[1,2]},"f":{"1":6,"2":5,"3":2,"4":3},"fnMap":{"1":{"name":"constructor","line":12,"loc":{"start":{"line":12,"column":4},"end":{"line":18,"column":4}}},"2":{"name":"mint","line":28,"loc":{"start":{"line":28,"column":4},"end":{"line":38,"column":4}}},"3":{"name":"burn","line":46,"loc":{"start":{"line":46,"column":4},"end":{"line":58,"column":4}}},"4":{"name":"_isMaxSupply","line":64,"loc":{"start":{"line":64,"column":4},"end":{"line":69,"column":4}}}},"statementMap":{"1":{"start":{"line":30,"column":8},"end":{"line":30,"column":42}},"2":{"start":{"line":31,"column":8},"end":{"line":31,"column":60}},"3":{"start":{"line":32,"column":8},"end":{"line":32,"column":64}},"4":{"start":{"line":33,"column":8},"end":{"line":33,"column":47}},"5":{"start":{"line":48,"column":8},"end":{"line":48,"column":42}},"6":{"start":{"line":49,"column":8},"end":{"line":49,"column":55}},"7":{"start":{"line":50,"column":8},"end":{"line":50,"column":50}},"8":{"start":{"line":51,"column":8},"end":{"line":51,"column":61}},"9":{"start":{"line":57,"column":8},"end":{"line":57,"column":37}},"10":{"start":{"line":65,"column":8},"end":{"line":65,"column":2904}},"11":{"start":{"line":66,"column":12},"end":{"line":66,"column":110}},"12":{"start":{"line":67,"column":12},"end":{"line":67,"column":27}}},"branchMap":{"1":{"line":65,"type":"if","locations":[{"start":{"line":65,"column":8},"end":{"line":65,"column":8}},{"start":{"line":65,"column":8},"end":{"line":65,"column":8}}]}}},
"contracts\\Exchange.sol":{"l":{"33":20,"34":19,"35":1,"37":18,"38":1,"40":17,"41":1,"43":16,"44":1,"47":15,"48":15,"49":15,"50":1,"54":14,"55":14,"56":14,"57":14,"58":14,"59":14,"62":14,"71":2,"72":2,"73":2,"75":2,"84":3,"85":3,"86":3,"87":3,"96":3,"97":3,"98":3,"100":3,"111":4,"112":1,"116":3,"117":3,"118":3,"119":3,"128":2,"129":2,"130":2,"132":2,"143":3,"145":1,"148":2,"149":2,"150":2,"152":1,"156":1,"157":1,"160":1,"162":1,"164":1,"176":4,"178":1,"180":3,"182":3,"183":3,"185":0,"189":3,"190":3,"193":3,"194":3,"205":4,"207":1,"209":3,"212":2,"224":5,"226":1,"228":4,"229":3,"230":3,"231":2,"232":2,"235":2,"246":3,"247":2,"248":2,"249":2,"250":2,"252":1,"256":1,"271":6,"272":1,"274":5,"275":1,"277":4,"279":3,"280":3,"282":1,"285":2,"286":2,"288":1,"292":1,"293":1,"301":14,"302":4,"307":20,"308":1,"309":1,"314":41,"315":41,"316":41,"317":41,"322":18,"323":18,"325":1,"330":20,"334":51,"338":2},"path":"C:\\Users\\juanm\\OneDrive\\Documents\\ORT\\Blockchain 2\\Obligatorio\\obligatorio-colli-gallicchio\\contracts\\Exchange.sol","s":{"1":20,"2":19,"3":1,"4":18,"5":1,"6":17,"7":1,"8":16,"9":1,"10":15,"11":15,"12":15,"13":1,"14":14,"15":2,"16":2,"17":2,"18":2,"19":3,"20":3,"21":3,"22":3,"23":3,"24":3,"25":3,"26":3,"27":4,"28":1,"29":3,"30":3,"31":3,"32":3,"33":2,"34":2,"35":2,"36":2,"37":3,"38":1,"39":2,"40":2,"41":2,"42":1,"43":1,"44":1,"45":1,"46":4,"47":1,"48":3,"49":3,"50":3,"51":0,"52":3,"53":3,"54":4,"55":1,"56":3,"57":5,"58":1,"59":4,"60":3,"61":3,"62":2,"63":2,"64":3,"65":2,"66":2,"67":2,"68":1,"69":1,"70":6,"71":1,"72":5,"73":1,"74":4,"75":3,"76":3,"77":1,"78":2,"79":2,"80":1,"81":14,"82":4,"83":20,"84":1,"85":1,"86":41,"87":41,"88":41,"89":18,"90":18,"91":1,"92":20,"93":51,"94":2},"b":{"1":[1,18],"2":[1,17],"3":[1,16],"4":[1,15],"5":[1,14],"6":[1,3],"7":[1,2],"8":[1,1],"9":[1,0],"10":[1,3],"11":[0,3],"12":[1,3],"13":[1,4],"14":[1,1],"15":[1,5],"16":[1,4],"17":[1,2],"18":[1,1],"19":[4,10],"20":[1,19],"21":[1,17]},"f":{"1":20,"2":2,"3":3,"4":3,"5":4,"6":2,"7":3,"8":4,"9":4,"10":5,"11":3,"12":6,"13":14,"14":20,"15":41,"16":18,"17":20,"18":51,"19":2},"fnMap":{"1":{"name":"constructor","line":30,"loc":{"start":{"line":30,"column":4},"end":{"line":63,"column":4}}},"2":{"name":"getExchangeRate","line":68,"loc":{"start":{"line":68,"column":4},"end":{"line":76,"column":4}}},"3":{"name":"calculateTokensPerEthers","line":81,"loc":{"start":{"line":81,"column":4},"end":{"line":88,"column":4}}},"4":{"name":"calculateEthersToSellTokens","line":93,"loc":{"start":{"line":93,"column":4},"end":{"line":101,"column":4}}},"5":{"name":"calculateEtherAmount","line":108,"loc":{"start":{"line":108,"column":4},"end":{"line":120,"column":4}}},"6":{"name":"calculateEthersToBuyTokens","line":125,"loc":{"start":{"line":125,"column":4},"end":{"line":133,"column":4}}},"7":{"name":"buyToken","line":141,"loc":{"start":{"line":141,"column":4},"end":{"line":165,"column":4}}},"8":{"name":"buyEther","line":173,"loc":{"start":{"line":173,"column":4},"end":{"line":195,"column":4}}},"9":{"name":"setFeePercentage","line":203,"loc":{"start":{"line":203,"column":4},"end":{"line":213,"column":4}}},"10":{"name":"deposit","line":221,"loc":{"start":{"line":221,"column":4},"end":{"line":236,"column":4}}},"11":{"name":"withdrawFeesAmount","line":243,"loc":{"start":{"line":243,"column":4},"end":{"line":257,"column":4}}},"12":{"name":"setTokenVault","line":268,"loc":{"start":{"line":268,"column":4},"end":{"line":294,"column":4}}},"13":{"name":"_isOwnerProtocol","line":300,"loc":{"start":{"line":300,"column":4},"end":{"line":304,"column":5}}},"14":{"name":"_isZeroAddress","line":306,"loc":{"start":{"line":306,"column":4},"end":{"line":311,"column":4}}},"15":{"name":"_isSmartContractAddress","line":313,"loc":{"start":{"line":313,"column":5},"end":{"line":318,"column":5}}},"16":{"name":"_isInsuffientBalance","line":320,"loc":{"start":{"line":320,"column":4},"end":{"line":327,"column":4}}},"17":{"name":"transferFromTokenContract","line":329,"loc":{"start":{"line":329,"column":4},"end":{"line":331,"column":4}}},"18":{"name":"balanceOfTokenContract","line":333,"loc":{"start":{"line":333,"column":4},"end":{"line":335,"column":4}}},"19":{"name":"allowanceTokenContract","line":337,"loc":{"start":{"line":337,"column":5},"end":{"line":339,"column":4}}}},"statementMap":{"1":{"start":{"line":33,"column":8},"end":{"line":33,"column":49}},"2":{"start":{"line":34,"column":8},"end":{"line":34,"column":1491}},"3":{"start":{"line":35,"column":12},"end":{"line":35,"column":53}},"4":{"start":{"line":37,"column":8},"end":{"line":37,"column":1619}},"5":{"start":{"line":38,"column":12},"end":{"line":38,"column":58}},"6":{"start":{"line":40,"column":8},"end":{"line":40,"column":1737}},"7":{"start":{"line":41,"column":12},"end":{"line":41,"column":53}},"8":{"start":{"line":43,"column":8},"end":{"line":43,"column":1869}},"9":{"start":{"line":44,"column":12},"end":{"line":44,"column":47}},"10":{"start":{"line":47,"column":8},"end":{"line":47,"column":68}},"11":{"start":{"line":48,"column":8},"end":{"line":48,"column":86}},"12":{"start":{"line":49,"column":8},"end":{"line":49,"column":2136}},"13":{"start":{"line":50,"column":12},"end":{"line":50,"column":53}},"14":{"start":{"line":62,"column":8},"end":{"line":62,"column":87}},"15":{"start":{"line":71,"column":8},"end":{"line":71,"column":91}},"16":{"start":{"line":72,"column":8},"end":{"line":72,"column":57}},"17":{"start":{"line":73,"column":8},"end":{"line":73,"column":127}},"18":{"start":{"line":75,"column":8},"end":{"line":75,"column":21}},"19":{"start":{"line":84,"column":8},"end":{"line":84,"column":91}},"20":{"start":{"line":85,"column":8},"end":{"line":85,"column":57}},"21":{"start":{"line":86,"column":8},"end":{"line":86,"column":115}},"22":{"start":{"line":87,"column":8},"end":{"line":87,"column":21}},"23":{"start":{"line":96,"column":8},"end":{"line":96,"column":91}},"24":{"start":{"line":97,"column":8},"end":{"line":97,"column":57}},"25":{"start":{"line":98,"column":8},"end":{"line":98,"column":133}},"26":{"start":{"line":100,"column":8},"end":{"line":100,"column":21}},"27":{"start":{"line":111,"column":8},"end":{"line":111,"column":4661}},"28":{"start":{"line":112,"column":11},"end":{"line":112,"column":46}},"29":{"start":{"line":116,"column":8},"end":{"line":116,"column":91}},"30":{"start":{"line":117,"column":8},"end":{"line":117,"column":57}},"31":{"start":{"line":118,"column":8},"end":{"line":118,"column":133}},"32":{"start":{"line":119,"column":8},"end":{"line":119,"column":21}},"33":{"start":{"line":128,"column":8},"end":{"line":128,"column":91}},"34":{"start":{"line":129,"column":8},"end":{"line":129,"column":57}},"35":{"start":{"line":130,"column":8},"end":{"line":130,"column":155}},"36":{"start":{"line":132,"column":8},"end":{"line":132,"column":21}},"37":{"start":{"line":143,"column":8},"end":{"line":143,"column":6121}},"38":{"start":{"line":145,"column":11},"end":{"line":145,"column":46}},"39":{"start":{"line":148,"column":8},"end":{"line":148,"column":96}},"40":{"start":{"line":149,"column":8},"end":{"line":149,"column":78}},"41":{"start":{"line":150,"column":8},"end":{"line":150,"column":6417}},"42":{"start":{"line":152,"column":13},"end":{"line":152,"column":41}},"43":{"start":{"line":160,"column":8},"end":{"line":160,"column":6680}},"44":{"start":{"line":162,"column":12},"end":{"line":162,"column":73}},"45":{"start":{"line":164,"column":8},"end":{"line":164,"column":90}},"46":{"start":{"line":176,"column":8},"end":{"line":176,"column":7354}},"47":{"start":{"line":178,"column":11},"end":{"line":178,"column":51}},"48":{"start":{"line":180,"column":8},"end":{"line":180,"column":85}},"49":{"start":{"line":182,"column":8},"end":{"line":182,"column":74}},"50":{"start":{"line":183,"column":8},"end":{"line":183,"column":7649}},"51":{"start":{"line":185,"column":12},"end":{"line":185,"column":41}},"52":{"start":{"line":193,"column":8},"end":{"line":193,"column":53}},"53":{"start":{"line":194,"column":8},"end":{"line":194,"column":94}},"54":{"start":{"line":205,"column":8},"end":{"line":205,"column":8516}},"55":{"start":{"line":207,"column":11},"end":{"line":207,"column":48}},"56":{"start":{"line":209,"column":9},"end":{"line":209,"column":36}},"57":{"start":{"line":224,"column":8},"end":{"line":224,"column":9089}},"58":{"start":{"line":226,"column":11},"end":{"line":226,"column":39}},"59":{"start":{"line":228,"column":9},"end":{"line":228,"column":36}},"60":{"start":{"line":229,"column":9},"end":{"line":229,"column":68}},"61":{"start":{"line":230,"column":8},"end":{"line":230,"column":78}},"62":{"start":{"line":231,"column":9},"end":{"line":231,"column":92}},"63":{"start":{"line":235,"column":9},"end":{"line":235,"column":96}},"64":{"start":{"line":246,"column":8},"end":{"line":246,"column":35}},"65":{"start":{"line":247,"column":8},"end":{"line":247,"column":38}},"66":{"start":{"line":249,"column":8},"end":{"line":249,"column":49}},"67":{"start":{"line":250,"column":8},"end":{"line":250,"column":10271}},"68":{"start":{"line":252,"column":13},"end":{"line":252,"column":49}},"69":{"start":{"line":256,"column":8},"end":{"line":256,"column":43}},"70":{"start":{"line":271,"column":9},"end":{"line":271,"column":11251}},"71":{"start":{"line":272,"column":11},"end":{"line":272,"column":47}},"72":{"start":{"line":274,"column":8},"end":{"line":274,"column":11355}},"73":{"start":{"line":275,"column":12},"end":{"line":275,"column":53}},"74":{"start":{"line":277,"column":8},"end":{"line":277,"column":35}},"75":{"start":{"line":279,"column":8},"end":{"line":279,"column":86}},"76":{"start":{"line":280,"column":8},"end":{"line":280,"column":11613}},"77":{"start":{"line":282,"column":12},"end":{"line":282,"column":47}},"78":{"start":{"line":285,"column":8},"end":{"line":285,"column":90}},"79":{"start":{"line":286,"column":8},"end":{"line":286,"column":11817}},"80":{"start":{"line":288,"column":12},"end":{"line":288,"column":47}},"81":{"start":{"line":301,"column":9},"end":{"line":301,"column":12481}},"82":{"start":{"line":302,"column":13},"end":{"line":302,"column":36}},"83":{"start":{"line":307,"column":9},"end":{"line":307,"column":12682}},"84":{"start":{"line":308,"column":13},"end":{"line":308,"column":87}},"85":{"start":{"line":309,"column":12},"end":{"line":309,"column":27}},"86":{"start":{"line":314,"column":9},"end":{"line":314,"column":101}},"87":{"start":{"line":315,"column":9},"end":{"line":315,"column":25}},"88":{"start":{"line":317,"column":9},"end":{"line":317,"column":64}},"89":{"start":{"line":322,"column":8},"end":{"line":322,"column":85}},"90":{"start":{"line":323,"column":8},"end":{"line":323,"column":13438}},"91":{"start":{"line":325,"column":13},"end":{"line":325,"column":42}},"92":{"start":{"line":330,"column":12},"end":{"line":330,"column":73}},"93":{"start":{"line":334,"column":12},"end":{"line":334,"column":66}},"94":{"start":{"line":338,"column":12},"end":{"line":338,"column":77}}},"branchMap":{"1":{"line":34,"type":"if","locations":[{"start":{"line":34,"column":8},"end":{"line":34,"column":8}},{"start":{"line":34,"column":8},"end":{"line":34,"column":8}}]},"2":{"line":37,"type":"if","locations":[{"start":{"line":37,"column":8},"end":{"line":37,"column":8}},{"start":{"line":37,"column":8},"end":{"line":37,"column":8}}]},"3":{"line":40,"type":"if","locations":[{"start":{"line":40,"column":8},"end":{"line":40,"column":8}},{"start":{"line":40,"column":8},"end":{"line":40,"column":8}}]},"4":{"line":43,"type":"if","locations":[{"start":{"line":43,"column":8},"end":{"line":43,"column":8}},{"start":{"line":43,"column":8},"end":{"line":43,"column":8}}]},"5":{"line":49,"type":"if","locations":[{"start":{"line":49,"column":8},"end":{"line":49,"column":8}},{"start":{"line":49,"column":8},"end":{"line":49,"column":8}}]},"6":{"line":111,"type":"if","locations":[{"start":{"line":111,"column":8},"end":{"line":111,"column":8}},{"start":{"line":111,"column":8},"end":{"line":111,"column":8}}]},"7":{"line":143,"type":"if","locations":[{"start":{"line":143,"column":8},"end":{"line":143,"column":8}},{"start":{"line":143,"column":8},"end":{"line":143,"column":8}}]},"8":{"line":150,"type":"if","locations":[{"start":{"line":150,"column":8},"end":{"line":150,"column":8}},{"start":{"line":150,"column":8},"end":{"line":150,"column":8}}]},"9":{"line":160,"type":"if","locations":[{"start":{"line":160,"column":8},"end":{"line":160,"column":8}},{"start":{"line":160,"column":8},"end":{"line":160,"column":8}}]},"10":{"line":176,"type":"if","locations":[{"start":{"line":176,"column":8},"end":{"line":176,"column":8}},{"start":{"line":176,"column":8},"end":{"line":176,"column":8}}]},"11":{"line":183,"type":"if","locations":[{"start":{"line":183,"column":8},"end":{"line":183,"column":8}},{"start":{"line":183,"column":8},"end":{"line":183,"column":8}}]},"12":{"line":205,"type":"if","locations":[{"start":{"line":205,"column":8},"end":{"line":205,"column":8}},{"start":{"line":205,"column":8},"end":{"line":205,"column":8}}]},"13":{"line":224,"type":"if","locations":[{"start":{"line":224,"column":8},"end":{"line":224,"column":8}},{"start":{"line":224,"column":8},"end":{"line":224,"column":8}}]},"14":{"line":250,"type":"if","locations":[{"start":{"line":250,"column":8},"end":{"line":250,"column":8}},{"start":{"line":250,"column":8},"end":{"line":250,"column":8}}]},"15":{"line":271,"type":"if","locations":[{"start":{"line":271,"column":9},"end":{"line":271,"column":9}},{"start":{"line":271,"column":9},"end":{"line":271,"column":9}}]},"16":{"line":274,"type":"if","locations":[{"start":{"line":274,"column":8},"end":{"line":274,"column":8}},{"start":{"line":274,"column":8},"end":{"line":274,"column":8}}]},"17":{"line":280,"type":"if","locations":[{"start":{"line":280,"column":8},"end":{"line":280,"column":8}},{"start":{"line":280,"column":8},"end":{"line":280,"column":8}}]},"18":{"line":286,"type":"if","locations":[{"start":{"line":286,"column":8},"end":{"line":286,"column":8}},{"start":{"line":286,"column":8},"end":{"line":286,"column":8}}]},"19":{"line":301,"type":"if","locations":[{"start":{"line":301,"column":9},"end":{"line":301,"column":9}},{"start":{"line":301,"column":9},"end":{"line":301,"column":9}}]},"20":{"line":307,"type":"if","locations":[{"start":{"line":307,"column":9},"end":{"line":307,"column":9}},{"start":{"line":307,"column":9},"end":{"line":307,"column":9}}]},"21":{"line":323,"type":"if","locations":[{"start":{"line":323,"column":8},"end":{"line":323,"column":8}},{"start":{"line":323,"column":8},"end":{"line":323,"column":8}}]}}},
"contracts\\interfaces\\ITokenContract.sol":{"l":{},"path":"C:\\Users\\juanm\\OneDrive\\Documents\\ORT\\Blockchain 2\\Obligatorio\\obligatorio-colli-gallicchio\\contracts\\interfaces\\ITokenContract.sol","s":{},"b":{},"f":{},"fnMap":{},"statementMap":{},"branchMap":{}},
"contracts\\interfaces\\ITokenContractPolygon.sol":{"l":{},"path":"C:\\Users\\juanm\\OneDrive\\Documents\\ORT\\Blockchain 2\\Obligatorio\\obligatorio-colli-gallicchio\\contracts\\interfaces\\ITokenContractPolygon.sol","s":{},"b":{},"f":{},"fnMap":{},"statementMap":{},"branchMap":{}},
"contracts\\TokenAbstract.sol":{"l":{"43":19,"44":19,"45":17,"47":15,"48":15,"49":15,"50":15,"51":15,"55":2,"60":2,"65":1,"70":5,"75":11,"95":32,"96":32,"97":31,"98":30,"99":29,"100":28,"101":27,"104":21,"105":21,"106":21,"108":20,"109":20,"111":21,"126":13,"127":13,"128":12,"131":11,"132":11,"141":25,"145":36,"146":4,"147":4,"152":47,"153":4,"154":4,"159":95,"160":5,"161":5,"166":39,"167":2,"168":2,"173":50,"174":3,"175":3,"180":27,"181":6,"182":6},"path":"C:\\Users\\juanm\\OneDrive\\Documents\\ORT\\Blockchain 2\\Obligatorio\\obligatorio-colli-gallicchio\\contracts\\TokenAbstract.sol","s":{"1":19,"2":19,"3":17,"4":2,"5":2,"6":1,"7":5,"8":11,"9":32,"10":32,"11":31,"12":30,"13":29,"14":28,"15":27,"16":21,"17":20,"18":21,"19":13,"20":13,"21":12,"22":11,"23":25,"24":36,"25":4,"26":4,"27":47,"28":4,"29":4,"30":95,"31":5,"32":5,"33":39,"34":2,"35":2,"36":50,"37":3,"38":3,"39":27,"40":6,"41":6},"b":{"1":[20,1],"2":[4,32],"3":[4,43],"4":[5,90],"5":[2,37],"6":[3,47],"7":[6,21]},"f":{"1":19,"2":2,"3":2,"4":1,"5":5,"6":11,"7":32,"8":13,"9":25,"10":36,"11":47,"12":95,"13":39,"14":50,"15":27},"fnMap":{"1":{"name":"constructor","line":40,"loc":{"start":{"line":40,"column":4},"end":{"line":52,"column":4}}},"2":{"name":"name","line":54,"loc":{"start":{"line":54,"column":4},"end":{"line":56,"column":4}}},"3":{"name":"symbol","line":58,"loc":{"start":{"line":58,"column":5},"end":{"line":61,"column":4}}},"4":{"name":"decimals","line":63,"loc":{"start":{"line":63,"column":4},"end":{"line":66,"column":4}}},"5":{"name":"totalSupply","line":68,"loc":{"start":{"line":68,"column":4},"end":{"line":71,"column":4}}},"6":{"name":"maxSupply","line":73,"loc":{"start":{"line":73,"column":4},"end":{"line":76,"column":4}}},"7":{"name":"transferFrom","line":92,"loc":{"start":{"line":92,"column":4},"end":{"line":112,"column":4}}},"8":{"name":"approve","line":123,"loc":{"start":{"line":123,"column":4},"end":{"line":133,"column":4}}},"9":{"name":"_concatMessage","line":140,"loc":{"start":{"line":140,"column":4},"end":{"line":142,"column":4}}},"10":{"name":"_isEmptyString","line":144,"loc":{"start":{"line":144,"column":4},"end":{"line":149,"column":4}}},"11":{"name":"_isZeroValue","line":151,"loc":{"start":{"line":151,"column":4},"end":{"line":156,"column":4}}},"12":{"name":"_isZeroAddress","line":158,"loc":{"start":{"line":158,"column":4},"end":{"line":163,"column":4}}},"13":{"name":"_isValidRecipient","line":165,"loc":{"start":{"line":165,"column":4},"end":{"line":170,"column":4}}},"14":{"name":"_hasSufficientBalance","line":172,"loc":{"start":{"line":172,"column":5},"end":{"line":177,"column":4}}},"15":{"name":"_isAuthorized","line":179,"loc":{"start":{"line":179,"column":5},"end":{"line":184,"column":4}}}},"statementMap":{"1":{"start":{"line":43,"column":8},"end":{"line":43,"column":49}},"2":{"start":{"line":44,"column":8},"end":{"line":44,"column":50}},"3":{"start":{"line":45,"column":8},"end":{"line":45,"column":54}},"4":{"start":{"line":55,"column":8},"end":{"line":55,"column":25}},"5":{"start":{"line":60,"column":8},"end":{"line":60,"column":27}},"6":{"start":{"line":65,"column":8},"end":{"line":65,"column":29}},"7":{"start":{"line":70,"column":8},"end":{"line":70,"column":32}},"8":{"start":{"line":75,"column":8},"end":{"line":75,"column":30}},"9":{"start":{"line":95,"column":8},"end":{"line":95,"column":50}},"10":{"start":{"line":96,"column":8},"end":{"line":96,"column":50}},"11":{"start":{"line":97,"column":8},"end":{"line":97,"column":46}},"12":{"start":{"line":98,"column":8},"end":{"line":98,"column":50}},"13":{"start":{"line":99,"column":8},"end":{"line":99,"column":49}},"14":{"start":{"line":100,"column":8},"end":{"line":100,"column":56}},"15":{"start":{"line":101,"column":8},"end":{"line":101,"column":60}},"16":{"start":{"line":106,"column":8},"end":{"line":106,"column":4007}},"17":{"start":{"line":108,"column":12},"end":{"line":108,"column":67}},"18":{"start":{"line":111,"column":8},"end":{"line":111,"column":46}},"19":{"start":{"line":126,"column":8},"end":{"line":126,"column":45}},"20":{"start":{"line":127,"column":8},"end":{"line":127,"column":56}},"21":{"start":{"line":128,"column":8},"end":{"line":128,"column":61}},"22":{"start":{"line":132,"column":8},"end":{"line":132,"column":51}},"23":{"start":{"line":141,"column":8},"end":{"line":141,"column":67}},"24":{"start":{"line":145,"column":8},"end":{"line":145,"column":5950}},"25":{"start":{"line":146,"column":12},"end":{"line":146,"column":106}},"26":{"start":{"line":147,"column":12},"end":{"line":147,"column":27}},"27":{"start":{"line":152,"column":8},"end":{"line":152,"column":6276}},"28":{"start":{"line":153,"column":12},"end":{"line":153,"column":106}},"29":{"start":{"line":154,"column":12},"end":{"line":154,"column":27}},"30":{"start":{"line":159,"column":8},"end":{"line":159,"column":6592}},"31":{"start":{"line":160,"column":12},"end":{"line":160,"column":106}},"32":{"start":{"line":161,"column":12},"end":{"line":161,"column":27}},"33":{"start":{"line":166,"column":8},"end":{"line":166,"column":6914}},"34":{"start":{"line":167,"column":12},"end":{"line":167,"column":111}},"35":{"start":{"line":168,"column":12},"end":{"line":168,"column":27}},"36":{"start":{"line":173,"column":8},"end":{"line":173,"column":7242}},"37":{"start":{"line":174,"column":12},"end":{"line":174,"column":95}},"38":{"start":{"line":175,"column":12},"end":{"line":175,"column":27}},"39":{"start":{"line":180,"column":8},"end":{"line":180,"column":7557}},"40":{"start":{"line":181,"column":12},"end":{"line":181,"column":96}},"41":{"start":{"line":182,"column":12},"end":{"line":182,"column":27}}},"branchMap":{"1":{"line":106,"type":"if","locations":[{"start":{"line":106,"column":8},"end":{"line":106,"column":8}},{"start":{"line":106,"column":8},"end":{"line":106,"column":8}}]},"2":{"line":145,"type":"if","locations":[{"start":{"line":145,"column":8},"end":{"line":145,"column":8}},{"start":{"line":145,"column":8},"end":{"line":145,"column":8}}]},"3":{"line":152,"type":"if","locations":[{"start":{"line":152,"column":8},"end":{"line":152,"column":8}},{"start":{"line":152,"column":8},"end":{"line":152,"column":8}}]},"4":{"line":159,"type":"if","locations":[{"start":{"line":159,"column":8},"end":{"line":159,"column":8}},{"start":{"line":159,"column":8},"end":{"line":159,"column":8}}]},"5":{"line":166,"type":"if","locations":[{"start":{"line":166,"column":8},"end":{"line":166,"column":8}},{"start":{"line":166,"column":8},"end":{"line":166,"column":8}}]},"6":{"line":173,"type":"if","locations":[{"start":{"line":173,"column":8},"end":{"line":173,"column":8}},{"start":{"line":173,"column":8},"end":{"line":173,"column":8}}]},"7":{"line":180,"type":"if","locations":[{"start":{"line":180,"column":8},"end":{"line":180,"column":8}},{"start":{"line":180,"column":8},"end":{"line":180,"column":8}}]}}}}
