TN:
SF:C:\Users\juanm\OneDrive\Documents\ORT\Blockchain 2\Obligatorio\obligatorio-colli-gallicchio\contracts\Bridge_Ethereum.sol
FN:22,constructor
FN:40,transferToPolygon
FN:78,unStake
FN:107,balanceOfTokenContract
FN:112,transferFromTokenContract
FN:117,transferTokenContract
FNF:6
FNH:6
FNDA:4,constructor
FNDA:6,transferToPolygon
FNDA:8,unStake
FNDA:3,balanceOfTokenContract
FNDA:2,transferFromTokenContract
FNDA:1,transferTokenContract
DA:24,4
DA:25,1
DA:29,3
DA:43,6
DA:44,1
DA:47,5
DA:49,4
DA:50,1
DA:53,3
DA:54,3
DA:55,1
DA:59,2
DA:62,2
DA:63,1
DA:81,8
DA:82,7
DA:84,5
DA:85,1
DA:87,4
DA:88,3
DA:89,1
DA:92,2
DA:93,1
DA:97,1
DA:100,1
DA:109,3
DA:114,2
DA:119,1
LF:28
LH:28
BRDA:24,1,0,1
BRDA:24,1,1,3
BRDA:43,2,0,1
BRDA:43,2,1,5
BRDA:49,3,0,1
BRDA:49,3,1,3
BRDA:54,4,0,1
BRDA:54,4,1,2
BRDA:84,5,0,1
BRDA:84,5,1,4
BRDA:88,6,0,1
BRDA:88,6,1,2
BRDA:92,7,0,1
BRDA:92,7,1,1
BRF:14
BRH:14
end_of_record
TN:
SF:C:\Users\juanm\OneDrive\Documents\ORT\Blockchain 2\Obligatorio\obligatorio-colli-gallicchio\contracts\Bridge_Polygon.sol
FN:25,constructor
FN:48,mintTo
FN:70,transferToEthereum
FN:89,_isSmartContractAddress
FN:97,mintTokenContract
FN:102,balanceOfTokenContract
FN:107,burnTokenContract
FN:112,transferFromTokenContract
FNF:8
FNH:8
FNDA:5,constructor
FNDA:6,mintTo
FNDA:4,transferToEthereum
FNDA:4,_isSmartContractAddress
FNDA:1,mintTokenContract
FNDA:3,balanceOfTokenContract
FNDA:1,burnTokenContract
FNDA:2,transferFromTokenContract
DA:27,5
DA:28,1
DA:30,4
DA:31,1
DA:35,3
DA:51,6
DA:52,5
DA:53,1
DA:55,4
DA:56,3
DA:57,2
DA:60,1
DA:61,1
DA:73,4
DA:75,3
DA:76,3
DA:77,1
DA:80,2
DA:81,1
DA:82,1
DA:91,4
DA:92,4
DA:93,4
DA:94,4
DA:99,1
DA:104,3
DA:109,1
DA:114,2
LF:28
LH:28
BRDA:27,1,0,1
BRDA:27,1,1,4
BRDA:30,2,0,1
BRDA:30,2,1,3
BRDA:52,3,0,1
BRDA:52,3,1,4
BRDA:76,4,0,1
BRDA:76,4,1,2
BRF:8
BRH:8
end_of_record
TN:
SF:C:\Users\juanm\OneDrive\Documents\ORT\Blockchain 2\Obligatorio\obligatorio-colli-gallicchio\contracts\BridgeAbstract.sol
FN:15,constructor
FN:20,owner
FN:24,erc20Contract
FN:35,addAddressToBlackList
FN:50,removeAddressFromBlackList
FN:62,_isZeroAddress
FN:69,_isBlacklistAddress
FN:75,_isNotBlacklistAddress
FN:81,_isOwnerProtocol
FN:87,_isZeroValue
FN:94,_exceedsMaxSupply
FN:103,maxSupplyTokenContract
FNF:12
FNH:12
FNDA:9,constructor
FNDA:1,owner
FNDA:20,erc20Contract
FNDA:7,addAddressToBlackList
FNDA:4,removeAddressFromBlackList
FNDA:19,_isZeroAddress
FNDA:5,_isBlacklistAddress
FNDA:3,_isNotBlacklistAddress
FNDA:13,_isOwnerProtocol
FNDA:11,_isZeroValue
FNDA:7,_exceedsMaxSupply
FNDA:7,maxSupplyTokenContract
DA:17,9
DA:21,1
DA:25,20
DA:36,7
DA:37,6
DA:38,1
DA:40,5
DA:41,4
DA:51,4
DA:52,1
DA:54,3
DA:55,2
DA:63,19
DA:64,3
DA:65,3
DA:70,5
DA:71,1
DA:76,3
DA:77,1
DA:82,13
DA:83,3
DA:88,11
DA:89,3
DA:90,3
DA:96,7
DA:97,7
DA:99,2
DA:104,7
LF:28
LH:28
BRDA:37,1,0,1
BRDA:37,1,1,5
BRDA:51,2,0,1
BRDA:51,2,1,3
BRDA:63,3,0,3
BRDA:63,3,1,16
BRDA:70,4,0,1
BRDA:70,4,1,4
BRDA:76,5,0,1
BRDA:76,5,1,2
BRDA:82,6,0,3
BRDA:82,6,1,10
BRDA:88,7,0,3
BRDA:88,7,1,8
BRDA:97,8,0,2
BRDA:97,8,1,5
BRF:16
BRH:16
end_of_record
TN:
SF:C:\Users\juanm\OneDrive\Documents\ORT\Blockchain 2\Obligatorio\obligatorio-colli-gallicchio\contracts\ERC20_Ethereum.sol
FN:9,constructor
FN:30,transfer
FNF:2
FNH:2
FNDA:9,constructor
FNDA:12,transfer
DA:12,9
DA:13,9
DA:14,9
DA:33,12
DA:34,12
DA:35,11
DA:36,10
DA:37,9
DA:40,8
DA:41,8
DA:42,8
LF:11
LH:11
BRF:0
BRH:0
end_of_record
TN:
SF:C:\Users\juanm\OneDrive\Documents\ORT\Blockchain 2\Obligatorio\obligatorio-colli-gallicchio\contracts\ERC20_Polygon.sol
FN:12,constructor
FN:28,mint
FN:46,burn
FN:64,_isMaxSupply
FNF:4
FNH:4
FNDA:6,constructor
FNDA:5,mint
FNDA:2,burn
FNDA:3,_isMaxSupply
DA:15,6
DA:16,6
DA:17,6
DA:30,5
DA:31,5
DA:32,4
DA:33,3
DA:36,2
DA:37,2
DA:48,2
DA:49,2
DA:50,2
DA:51,1
DA:54,1
DA:55,1
DA:57,1
DA:65,3
DA:66,1
DA:67,1
LF:19
LH:19
BRDA:65,1,0,1
BRDA:65,1,1,2
BRF:2
BRH:2
end_of_record
TN:
SF:C:\Users\juanm\OneDrive\Documents\ORT\Blockchain 2\Obligatorio\obligatorio-colli-gallicchio\contracts\Exchange.sol
FN:30,constructor
FN:68,getExchangeRate
FN:81,calculateTokensPerEthers
FN:93,calculateEthersToSellTokens
FN:108,calculateEtherAmount
FN:125,calculateEthersToBuyTokens
FN:141,buyToken
FN:173,buyEther
FN:203,setFeePercentage
FN:221,deposit
FN:243,withdrawFeesAmount
FN:268,setTokenVault
FN:300,_isOwnerProtocol
FN:306,_isZeroAddress
FN:313,_isSmartContractAddress
FN:320,_isInsuffientBalance
FN:329,transferFromTokenContract
FN:333,balanceOfTokenContract
FN:337,allowanceTokenContract
FNF:19
FNH:19
FNDA:20,constructor
FNDA:2,getExchangeRate
FNDA:3,calculateTokensPerEthers
FNDA:3,calculateEthersToSellTokens
FNDA:4,calculateEtherAmount
FNDA:2,calculateEthersToBuyTokens
FNDA:3,buyToken
FNDA:4,buyEther
FNDA:4,setFeePercentage
FNDA:5,deposit
FNDA:3,withdrawFeesAmount
FNDA:6,setTokenVault
FNDA:14,_isOwnerProtocol
FNDA:20,_isZeroAddress
FNDA:41,_isSmartContractAddress
FNDA:18,_isInsuffientBalance
FNDA:20,transferFromTokenContract
FNDA:51,balanceOfTokenContract
FNDA:2,allowanceTokenContract
DA:33,20
DA:34,19
DA:35,1
DA:37,18
DA:38,1
DA:40,17
DA:41,1
DA:43,16
DA:44,1
DA:47,15
DA:48,15
DA:49,15
DA:50,1
DA:54,14
DA:55,14
DA:56,14
DA:57,14
DA:58,14
DA:59,14
DA:62,14
DA:71,2
DA:72,2
DA:73,2
DA:75,2
DA:84,3
DA:85,3
DA:86,3
DA:87,3
DA:96,3
DA:97,3
DA:98,3
DA:100,3
DA:111,4
DA:112,1
DA:116,3
DA:117,3
DA:118,3
DA:119,3
DA:128,2
DA:129,2
DA:130,2
DA:132,2
DA:143,3
DA:145,1
DA:148,2
DA:149,2
DA:150,2
DA:152,1
DA:156,1
DA:157,1
DA:160,1
DA:162,1
DA:164,1
DA:176,4
DA:178,1
DA:180,3
DA:182,3
DA:183,3
DA:185,0
DA:189,3
DA:190,3
DA:193,3
DA:194,3
DA:205,4
DA:207,1
DA:209,3
DA:212,2
DA:224,5
DA:226,1
DA:228,4
DA:229,3
DA:230,3
DA:231,2
DA:232,2
DA:235,2
DA:246,3
DA:247,2
DA:248,2
DA:249,2
DA:250,2
DA:252,1
DA:256,1
DA:271,6
DA:272,1
DA:274,5
DA:275,1
DA:277,4
DA:279,3
DA:280,3
DA:282,1
DA:285,2
DA:286,2
DA:288,1
DA:292,1
DA:293,1
DA:301,14
DA:302,4
DA:307,20
DA:308,1
DA:309,1
DA:314,41
DA:315,41
DA:316,41
DA:317,41
DA:322,18
DA:323,18
DA:325,1
DA:330,20
DA:334,51
DA:338,2
LF:110
LH:109
BRDA:34,1,0,1
BRDA:34,1,1,18
BRDA:37,2,0,1
BRDA:37,2,1,17
BRDA:40,3,0,1
BRDA:40,3,1,16
BRDA:43,4,0,1
BRDA:43,4,1,15
BRDA:49,5,0,1
BRDA:49,5,1,14
BRDA:111,6,0,1
BRDA:111,6,1,3
BRDA:143,7,0,1
BRDA:143,7,1,2
BRDA:150,8,0,1
BRDA:150,8,1,1
BRDA:160,9,0,1
BRDA:160,9,1,0
BRDA:176,10,0,1
BRDA:176,10,1,3
BRDA:183,11,0,0
BRDA:183,11,1,3
BRDA:205,12,0,1
BRDA:205,12,1,3
BRDA:224,13,0,1
BRDA:224,13,1,4
BRDA:250,14,0,1
BRDA:250,14,1,1
BRDA:271,15,0,1
BRDA:271,15,1,5
BRDA:274,16,0,1
BRDA:274,16,1,4
BRDA:280,17,0,1
BRDA:280,17,1,2
BRDA:286,18,0,1
BRDA:286,18,1,1
BRDA:301,19,0,4
BRDA:301,19,1,10
BRDA:307,20,0,1
BRDA:307,20,1,19
BRDA:323,21,0,1
BRDA:323,21,1,17
BRF:42
BRH:40
end_of_record
TN:
SF:C:\Users\juanm\OneDrive\Documents\ORT\Blockchain 2\Obligatorio\obligatorio-colli-gallicchio\contracts\interfaces\ITokenContract.sol
FNF:0
FNH:0
LF:0
LH:0
BRF:0
BRH:0
end_of_record
TN:
SF:C:\Users\juanm\OneDrive\Documents\ORT\Blockchain 2\Obligatorio\obligatorio-colli-gallicchio\contracts\interfaces\ITokenContractPolygon.sol
FNF:0
FNH:0
LF:0
LH:0
BRF:0
BRH:0
end_of_record
TN:
SF:C:\Users\juanm\OneDrive\Documents\ORT\Blockchain 2\Obligatorio\obligatorio-colli-gallicchio\contracts\TokenAbstract.sol
FN:40,constructor
FN:54,name
FN:58,symbol
FN:63,decimals
FN:68,totalSupply
FN:73,maxSupply
FN:92,transferFrom
FN:123,approve
FN:140,_concatMessage
FN:144,_isEmptyString
FN:151,_isZeroValue
FN:158,_isZeroAddress
FN:165,_isValidRecipient
FN:172,_hasSufficientBalance
FN:179,_isAuthorized
FNF:15
FNH:15
FNDA:19,constructor
FNDA:2,name
FNDA:2,symbol
FNDA:1,decimals
FNDA:5,totalSupply
FNDA:11,maxSupply
FNDA:32,transferFrom
FNDA:13,approve
FNDA:25,_concatMessage
FNDA:36,_isEmptyString
FNDA:47,_isZeroValue
FNDA:95,_isZeroAddress
FNDA:39,_isValidRecipient
FNDA:50,_hasSufficientBalance
FNDA:27,_isAuthorized
DA:43,19
DA:44,19
DA:45,17
DA:47,15
DA:48,15
DA:49,15
DA:50,15
DA:51,15
DA:55,2
DA:60,2
DA:65,1
DA:70,5
DA:75,11
DA:95,32
DA:96,32
DA:97,31
DA:98,30
DA:99,29
DA:100,28
DA:101,27
DA:104,21
DA:105,21
DA:106,21
DA:108,20
DA:109,20
DA:111,21
DA:126,13
DA:127,13
DA:128,12
DA:131,11
DA:132,11
DA:141,25
DA:145,36
DA:146,4
DA:147,4
DA:152,47
DA:153,4
DA:154,4
DA:159,95
DA:160,5
DA:161,5
DA:166,39
DA:167,2
DA:168,2
DA:173,50
DA:174,3
DA:175,3
DA:180,27
DA:181,6
DA:182,6
LF:50
LH:50
BRDA:106,1,0,20
BRDA:106,1,1,1
BRDA:145,2,0,4
BRDA:145,2,1,32
BRDA:152,3,0,4
BRDA:152,3,1,43
BRDA:159,4,0,5
BRDA:159,4,1,90
BRDA:166,5,0,2
BRDA:166,5,1,37
BRDA:173,6,0,3
BRDA:173,6,1,47
BRDA:180,7,0,6
BRDA:180,7,1,21
BRF:14
BRH:14
end_of_record
