TN:
SF:E:\Repos\Universidad_ORT\Programacion_de_Contratos_Inteligentes\Obligatorio\obligatorio-colli-gallicchio\contracts\BridgeContractAbstract.sol
FN:14,constructor
FN:21,owner
FN:25,erc20Contract
FN:29,addAddressToBlackList
FN:38,removeAddressFromBlackList
FN:50,_isZeroAddress
FN:57,_isBlacklistAddress
FN:63,_isNotBlacklistAddress
FN:69,_isOwnerProtocol
FN:75,_isZeroValue
FNF:10
FNH:10
FNDA:4,constructor
FNDA:1,owner
FNDA:6,erc20Contract
FNDA:6,addAddressToBlackList
FNDA:4,removeAddressFromBlackList
FNDA:17,_isZeroAddress
FNDA:4,_isBlacklistAddress
FNDA:3,_isNotBlacklistAddress
FNDA:6,_isOwnerProtocol
FNDA:4,_isZeroValue
DA:16,4
DA:17,3
DA:18,3
DA:22,1
DA:26,6
DA:30,6
DA:31,5
DA:32,1
DA:34,4
DA:35,3
DA:39,4
DA:40,1
DA:42,3
DA:43,2
DA:51,17
DA:52,3
DA:53,3
DA:58,4
DA:59,1
DA:64,3
DA:65,1
DA:70,6
DA:71,1
DA:76,4
DA:77,1
DA:78,1
LF:26
LH:26
BRDA:31,1,0,1
BRDA:31,1,1,4
BRDA:39,2,0,1
BRDA:39,2,1,3
BRDA:51,3,0,3
BRDA:51,3,1,14
BRDA:58,4,0,1
BRDA:58,4,1,3
BRDA:64,5,0,1
BRDA:64,5,1,2
BRDA:70,6,0,1
BRDA:70,6,1,5
BRDA:76,7,0,1
BRDA:76,7,1,3
BRF:14
BRH:14
end_of_record
TN:
SF:E:\Repos\Universidad_ORT\Programacion_de_Contratos_Inteligentes\Obligatorio\obligatorio-colli-gallicchio\contracts\EthereumBridgeContract.sol
FN:22,constructor
FN:26,totalSupply
FN:31,maxSupply
FN:36,transferToPolygon
FN:61,unStake
FN:86,balanceOfTokenContract
FN:90,transferFromTokenContract
FN:94,transferTokenContract
FNF:8
FNH:8
FNDA:3,constructor
FNDA:2,totalSupply
FNDA:1,maxSupply
FNDA:6,transferToPolygon
FNDA:7,unStake
FNDA:3,balanceOfTokenContract
FNDA:2,transferFromTokenContract
FNDA:1,transferTokenContract
DA:23,3
DA:28,2
DA:33,1
DA:37,6
DA:38,1
DA:41,5
DA:42,1
DA:45,4
DA:46,1
DA:49,3
DA:50,3
DA:51,1
DA:54,2
DA:55,2
DA:56,2
DA:57,2
DA:62,7
DA:63,6
DA:65,5
DA:66,1
DA:68,4
DA:69,3
DA:70,1
DA:73,2
DA:74,1
DA:77,1
DA:78,1
DA:79,1
DA:87,3
DA:91,2
DA:95,1
LF:31
LH:31
BRDA:37,1,0,1
BRDA:37,1,1,5
BRDA:41,2,0,1
BRDA:41,2,1,4
BRDA:45,3,0,1
BRDA:45,3,1,3
BRDA:50,4,0,1
BRDA:50,4,1,2
BRDA:65,5,0,1
BRDA:65,5,1,4
BRDA:69,6,0,1
BRDA:69,6,1,2
BRDA:73,7,0,1
BRDA:73,7,1,1
BRF:14
BRH:14
end_of_record
TN:
SF:E:\Repos\Universidad_ORT\Programacion_de_Contratos_Inteligentes\Obligatorio\obligatorio-colli-gallicchio\contracts\ExchangeContract.sol
FN:26,constructor
FN:65,getExchangeRate
FN:75,calculateTokensPerEthers
FN:95,calculateEthersToSellTokens
FN:123,calculateEthersToBuyTokens
FN:162,buyToken
FN:192,buyEther
FN:224,setFeePercentage
FN:234,deposit
FN:256,withdrawFeesAmount
FN:268,setTokenVault
FN:294,_getUnitDecimals
FN:299,_isOwnerProtocol
FN:305,_isZeroAddress
FN:312,_isSmartContractAddress
FN:319,_isInsuffientBalance
FN:328,_convertValueWithDecimals
FN:335,transferFromTokenContract
FN:339,balanceOfTokenContract
FN:343,transferTokenContract
FN:347,allowanceTokenContract
FNF:21
FNH:20
FNDA:8,constructor
FNDA:1,getExchangeRate
FNDA:2,calculateTokensPerEthers
FNDA:2,calculateEthersToSellTokens
FNDA:2,calculateEthersToBuyTokens
FNDA:3,buyToken
FNDA:3,buyEther
FNDA:2,setFeePercentage
FNDA:3,deposit
FNDA:2,withdrawFeesAmount
FNDA:5,setTokenVault
FNDA:10,_getUnitDecimals
FNDA:9,_isOwnerProtocol
FNDA:8,_isZeroAddress
FNDA:16,_isSmartContractAddress
FNDA:4,_isInsuffientBalance
FNDA:14,_convertValueWithDecimals
FNDA:8,transferFromTokenContract
FNDA:21,balanceOfTokenContract
FNDA:0,transferTokenContract
FNDA:1,allowanceTokenContract
DA:29,8
DA:30,7
DA:31,1
DA:33,6
DA:34,1
DA:36,5
DA:37,1
DA:39,4
DA:40,1
DA:42,3
DA:44,3
DA:46,0
DA:49,3
DA:50,3
DA:51,0
DA:54,3
DA:57,3
DA:58,3
DA:59,3
DA:60,3
DA:61,3
DA:62,3
DA:67,1
DA:68,1
DA:69,1
DA:72,1
DA:78,2
DA:80,2
DA:89,2
DA:92,2
DA:98,2
DA:102,2
DA:117,2
DA:120,2
DA:126,2
DA:130,2
DA:141,2
DA:144,2
DA:163,3
DA:164,1
DA:167,2
DA:168,2
DA:169,2
DA:171,2
DA:172,2
DA:173,1
DA:176,1
DA:178,1
DA:180,1
DA:185,1
DA:189,1
DA:193,3
DA:195,1
DA:199,2
DA:201,2
DA:203,2
DA:204,2
DA:205,2
DA:206,2
DA:208,0
DA:211,2
DA:213,1
DA:215,1
DA:221,1
DA:225,2
DA:227,1
DA:229,1
DA:231,1
DA:236,3
DA:238,2
DA:240,2
DA:247,2
DA:258,2
DA:259,1
DA:260,1
DA:262,1
DA:265,0
DA:269,5
DA:270,1
DA:272,4
DA:273,1
DA:275,3
DA:276,2
DA:277,2
DA:279,1
DA:281,1
DA:282,1
DA:283,1
DA:287,0
DA:296,10
DA:300,9
DA:301,3
DA:306,8
DA:307,1
DA:308,1
DA:313,16
DA:314,16
DA:315,16
DA:316,16
DA:321,4
DA:322,4
DA:324,0
DA:330,14
DA:332,14
DA:336,8
DA:340,21
DA:344,0
DA:348,1
LF:108
LH:101
BRDA:30,1,0,1
BRDA:30,1,1,6
BRDA:33,2,0,1
BRDA:33,2,1,5
BRDA:36,3,0,1
BRDA:36,3,1,4
BRDA:39,4,0,1
BRDA:39,4,1,3
BRDA:44,5,0,0
BRDA:44,5,1,3
BRDA:50,6,0,0
BRDA:50,6,1,3
BRDA:163,7,0,1
BRDA:163,7,1,2
BRDA:172,8,0,1
BRDA:172,8,1,1
BRDA:178,9,0,1
BRDA:178,9,1,0
BRDA:193,10,0,1
BRDA:193,10,1,2
BRDA:206,11,0,0
BRDA:206,11,1,2
BRDA:225,12,0,1
BRDA:225,12,1,1
BRDA:260,13,0,1
BRDA:260,13,1,0
BRDA:269,14,0,1
BRDA:269,14,1,4
BRDA:272,15,0,1
BRDA:272,15,1,3
BRDA:277,16,0,1
BRDA:277,16,1,1
BRDA:282,17,0,1
BRDA:282,17,1,0
BRDA:300,18,0,3
BRDA:300,18,1,6
BRDA:306,19,0,1
BRDA:306,19,1,7
BRDA:322,20,0,0
BRDA:322,20,1,4
BRF:40
BRH:33
end_of_record
TN:
SF:E:\Repos\Universidad_ORT\Programacion_de_Contratos_Inteligentes\Obligatorio\obligatorio-colli-gallicchio\contracts\interfaces\ITokenContract.sol
FNF:0
FNH:0
LF:0
LH:0
BRF:0
BRH:0
end_of_record
TN:
SF:E:\Repos\Universidad_ORT\Programacion_de_Contratos_Inteligentes\Obligatorio\obligatorio-colli-gallicchio\contracts\PolygonBridgeContract.sol
FN:18,constructor
FN:20,mintTo
FN:35,transferToEthereum
FNF:3
FNH:0
FNDA:0,constructor
FNDA:0,mintTo
FNDA:0,transferToEthereum
DA:21,0
DA:22,0
DA:23,0
DA:24,0
DA:25,0
DA:27,0
DA:28,0
DA:29,0
DA:36,0
DA:37,0
DA:38,0
DA:39,0
DA:42,0
LF:13
LH:0
BRDA:24,1,0,0
BRDA:24,1,1,0
BRDA:28,2,0,0
BRDA:28,2,1,0
BRDA:38,3,0,0
BRDA:38,3,1,0
BRF:6
BRH:0
end_of_record
TN:
SF:E:\Repos\Universidad_ORT\Programacion_de_Contratos_Inteligentes\Obligatorio\obligatorio-colli-gallicchio\contracts\TokenContract.sol
FN:25,constructor
FN:33,totalSupply
FN:38,maxSupply
FN:56,transfer
FN:85,transferFrom
FN:112,approve
FN:128,_isAuthorized
FNF:7
FNH:7
FNDA:9,constructor
FNDA:1,totalSupply
FNDA:1,maxSupply
FNDA:10,transfer
FNDA:18,transferFrom
FNDA:10,approve
FNDA:13,_isAuthorized
DA:26,9
DA:28,9
DA:29,9
DA:30,9
DA:35,1
DA:40,1
DA:59,10
DA:60,10
DA:61,9
DA:62,8
DA:63,7
DA:66,6
DA:67,6
DA:68,6
DA:88,18
DA:89,18
DA:90,17
DA:91,16
DA:92,15
DA:93,14
DA:94,13
DA:97,8
DA:98,8
DA:100,8
DA:115,10
DA:116,10
DA:117,9
DA:120,8
DA:121,8
DA:129,13
DA:130,5
DA:131,5
LF:32
LH:32
BRDA:129,1,0,5
BRDA:129,1,1,8
BRF:2
BRH:2
end_of_record
TN:
SF:E:\Repos\Universidad_ORT\Programacion_de_Contratos_Inteligentes\Obligatorio\obligatorio-colli-gallicchio\contracts\TokenContractAbstract.sol
FN:22,constructor
FN:35,name
FN:39,symbol
FN:44,decimals
FN:54,_concatMessage
FN:58,_isEmptyString
FN:65,_isZeroValue
FN:72,_isZeroAmount
FN:79,_isZeroAddress
FN:86,_isValidRecipient
FN:93,_hasSufficientBalance
FNF:11
FNH:11
FNDA:11,constructor
FNDA:1,name
FNDA:1,symbol
FNDA:9,decimals
FNDA:18,_concatMessage
FNDA:21,_isEmptyString
FNDA:9,_isZeroValue
FNDA:16,_isZeroAmount
FNDA:55,_isZeroAddress
FNDA:23,_isValidRecipient
FNDA:30,_hasSufficientBalance
DA:25,11
DA:26,11
DA:27,10
DA:29,9
DA:30,9
DA:31,9
DA:36,1
DA:41,1
DA:46,9
DA:55,18
DA:59,21
DA:60,2
DA:61,2
DA:66,9
DA:67,1
DA:68,1
DA:73,16
DA:74,1
DA:75,1
DA:80,55
DA:81,4
DA:82,4
DA:87,23
DA:88,2
DA:89,2
DA:94,30
DA:95,3
DA:96,3
LF:28
LH:28
BRDA:59,1,0,2
BRDA:59,1,1,19
BRDA:66,2,0,1
BRDA:66,2,1,8
BRDA:73,3,0,1
BRDA:73,3,1,15
BRDA:80,4,0,4
BRDA:80,4,1,51
BRDA:87,5,0,2
BRDA:87,5,1,21
BRDA:94,6,0,3
BRDA:94,6,1,27
BRF:12
BRH:12
end_of_record
